This is pdfTeX, Version 3.141592653-2.6-1.40.25 (MiKTeX 24.1) (preloaded format=pdflatex 2024.8.10)  5 SEP 2024 14:25
entering extended mode
 restricted \write18 enabled.
 %&-line parsing enabled.
**"./6 Data Collection and Results.tex"
(6 Data Collection and Results.tex
LaTeX2e <2023-11-01> patch level 1
L3 programming layer <2024-01-04>
(C:\Users\frabb\AppData\Local\Programs\MiKTeX\tex/latex/base\report.cls
Document Class: report 2023/05/17 v1.4n Standard LaTeX document class
(C:\Users\frabb\AppData\Local\Programs\MiKTeX\tex/latex/base\size12.clo
File: size12.clo 2023/05/17 v1.4n Standard LaTeX file (size option)
)
\c@part=\count187
\c@chapter=\count188
\c@section=\count189
\c@subsection=\count190
\c@subsubsection=\count191
\c@paragraph=\count192
\c@subparagraph=\count193
\c@figure=\count194
\c@table=\count195
\abovecaptionskip=\skip48
\belowcaptionskip=\skip49
\bibindent=\dimen140
)
(C:\Users\frabb\AppData\Local\Programs\MiKTeX\tex/latex/base\inputenc.sty
Package: inputenc 2021/02/14 v1.3d Input encoding file
\inpenc@prehook=\toks17
\inpenc@posthook=\toks18
)
(C:\Users\frabb\AppData\Local\Programs\MiKTeX\tex/latex/amsmath\amsmath.sty
Package: amsmath 2023/05/13 v2.17o AMS math features
\@mathmargin=\skip50

For additional information on amsmath, use the `?' option.
(C:\Users\frabb\AppData\Local\Programs\MiKTeX\tex/latex/amsmath\amstext.sty
Package: amstext 2021/08/26 v2.01 AMS text

(C:\Users\frabb\AppData\Local\Programs\MiKTeX\tex/latex/amsmath\amsgen.sty
File: amsgen.sty 1999/11/30 v2.0 generic functions
\@emptytoks=\toks19
\ex@=\dimen141
))
(C:\Users\frabb\AppData\Local\Programs\MiKTeX\tex/latex/amsmath\amsbsy.sty
Package: amsbsy 1999/11/29 v1.2d Bold Symbols
\pmbraise@=\dimen142
)
(C:\Users\frabb\AppData\Local\Programs\MiKTeX\tex/latex/amsmath\amsopn.sty
Package: amsopn 2022/04/08 v2.04 operator names
)
\inf@bad=\count196
LaTeX Info: Redefining \frac on input line 234.
\uproot@=\count197
\leftroot@=\count198
LaTeX Info: Redefining \overline on input line 399.
LaTeX Info: Redefining \colon on input line 410.
\classnum@=\count199
\DOTSCASE@=\count266
LaTeX Info: Redefining \ldots on input line 496.
LaTeX Info: Redefining \dots on input line 499.
LaTeX Info: Redefining \cdots on input line 620.
\Mathstrutbox@=\box51
\strutbox@=\box52
LaTeX Info: Redefining \big on input line 722.
LaTeX Info: Redefining \Big on input line 723.
LaTeX Info: Redefining \bigg on input line 724.
LaTeX Info: Redefining \Bigg on input line 725.
\big@size=\dimen143
LaTeX Font Info:    Redeclaring font encoding OML on input line 743.
LaTeX Font Info:    Redeclaring font encoding OMS on input line 744.
\macc@depth=\count267
LaTeX Info: Redefining \bmod on input line 905.
LaTeX Info: Redefining \pmod on input line 910.
LaTeX Info: Redefining \smash on input line 940.
LaTeX Info: Redefining \relbar on input line 970.
LaTeX Info: Redefining \Relbar on input line 971.
\c@MaxMatrixCols=\count268
\dotsspace@=\muskip16
\c@parentequation=\count269
\dspbrk@lvl=\count270
\tag@help=\toks20
\row@=\count271
\column@=\count272
\maxfields@=\count273
\andhelp@=\toks21
\eqnshift@=\dimen144
\alignsep@=\dimen145
\tagshift@=\dimen146
\tagwidth@=\dimen147
\totwidth@=\dimen148
\lineht@=\dimen149
\@envbody=\toks22
\multlinegap=\skip51
\multlinetaggap=\skip52
\mathdisplay@stack=\toks23
LaTeX Info: Redefining \[ on input line 2953.
LaTeX Info: Redefining \] on input line 2954.
)
(C:\Users\frabb\AppData\Local\Programs\MiKTeX\tex/latex/algorithms\algorithm.st
y
Package: algorithm 2009/08/24 v0.1 Document Style `algorithm' - floating enviro
nment
 (C:\Users\frabb\AppData\Local\Programs\MiKTeX\tex/latex/float\float.sty
Package: float 2001/11/08 v1.3d Float enhancements (AL)
\c@float@type=\count274
\float@exts=\toks24
\float@box=\box53
\@float@everytoks=\toks25
\@floatcapt=\box54
)
(C:\Users\frabb\AppData\Local\Programs\MiKTeX\tex/latex/base\ifthen.sty
Package: ifthen 2022/04/13 v1.1d Standard LaTeX ifthen package (DPC)
)
\@float@every@algorithm=\toks26
\c@algorithm=\count275
)
(C:\Users\frabb\AppData\Local\Programs\MiKTeX\tex/latex/algorithmicx\algpseudoc
ode.sty
Package: algpseudocode 

(C:\Users\frabb\AppData\Local\Programs\MiKTeX\tex/latex/algorithmicx\algorithmi
cx.sty
Package: algorithmicx 2005/04/27 v1.2 Algorithmicx

Document Style algorithmicx 1.2 - a greatly improved `algorithmic' style
\c@ALG@line=\count276
\c@ALG@rem=\count277
\c@ALG@nested=\count278
\ALG@tlm=\skip53
\ALG@thistlm=\skip54
\c@ALG@Lnr=\count279
\c@ALG@blocknr=\count280
\c@ALG@storecount=\count281
\c@ALG@tmpcounter=\count282
\ALG@tmplength=\skip55
)
Document Style - pseudocode environments for use with the `algorithmicx' style
) (C:\Users\frabb\AppData\Local\Programs\MiKTeX\tex/latex/amsfonts\amssymb.sty
Package: amssymb 2013/01/14 v3.01 AMS font symbols

(C:\Users\frabb\AppData\Local\Programs\MiKTeX\tex/latex/amsfonts\amsfonts.sty
Package: amsfonts 2013/01/14 v3.01 Basic AMSFonts support
\symAMSa=\mathgroup4
\symAMSb=\mathgroup5
LaTeX Font Info:    Redeclaring math symbol \hbar on input line 98.
LaTeX Font Info:    Overwriting math alphabet `\mathfrak' in version `bold'
(Font)                  U/euf/m/n --> U/euf/b/n on input line 106.
)) (C:\Users\frabb\AppData\Local\Programs\MiKTeX\tex/latex/graphics\graphicx.st
y
Package: graphicx 2021/09/16 v1.2d Enhanced LaTeX Graphics (DPC,SPQR)

(C:\Users\frabb\AppData\Local\Programs\MiKTeX\tex/latex/graphics\keyval.sty
Package: keyval 2022/05/29 v1.15 key=value parser (DPC)
\KV@toks@=\toks27
)
(C:\Users\frabb\AppData\Local\Programs\MiKTeX\tex/latex/graphics\graphics.sty
Package: graphics 2022/03/10 v1.4e Standard LaTeX Graphics (DPC,SPQR)

(C:\Users\frabb\AppData\Local\Programs\MiKTeX\tex/latex/graphics\trig.sty
Package: trig 2021/08/11 v1.11 sin cos tan (DPC)
)
(C:\Users\frabb\AppData\Local\Programs\MiKTeX\tex/latex/graphics-cfg\graphics.c
fg
File: graphics.cfg 2016/06/04 v1.11 sample graphics configuration
)
Package graphics Info: Driver file: pdftex.def on input line 107.

(C:\Users\frabb\AppData\Local\Programs\MiKTeX\tex/latex/graphics-def\pdftex.def
File: pdftex.def 2022/09/22 v1.2b Graphics/color driver for pdftex
))
\Gin@req@height=\dimen150
\Gin@req@width=\dimen151
)
(C:\Users\frabb\AppData\Local\Programs\MiKTeX\tex/latex/geometry\geometry.sty
Package: geometry 2020/01/02 v5.9 Page Geometry

(C:\Users\frabb\AppData\Local\Programs\MiKTeX\tex/generic/iftex\ifvtex.sty
Package: ifvtex 2019/10/25 v1.7 ifvtex legacy package. Use iftex instead.

(C:\Users\frabb\AppData\Local\Programs\MiKTeX\tex/generic/iftex\iftex.sty
Package: iftex 2022/02/03 v1.0f TeX engine tests
))
\Gm@cnth=\count283
\Gm@cntv=\count284
\c@Gm@tempcnt=\count285
\Gm@bindingoffset=\dimen152
\Gm@wd@mp=\dimen153
\Gm@odd@mp=\dimen154
\Gm@even@mp=\dimen155
\Gm@layoutwidth=\dimen156
\Gm@layoutheight=\dimen157
\Gm@layouthoffset=\dimen158
\Gm@layoutvoffset=\dimen159
\Gm@dimlist=\toks28

(C:\Users\frabb\AppData\Local\Programs\MiKTeX\tex/latex/geometry\geometry.cfg))
(C:\Users\frabb\AppData\Local\Programs\MiKTeX\tex/latex/hyperref\hyperref.sty
Package: hyperref 2023-11-26 v7.01g Hypertext links for LaTeX

(C:\Users\frabb\AppData\Local\Programs\MiKTeX\tex/generic/infwarerr\infwarerr.s
ty
Package: infwarerr 2019/12/03 v1.5 Providing info/warning/error messages (HO)
)
(C:\Users\frabb\AppData\Local\Programs\MiKTeX\tex/latex/kvsetkeys\kvsetkeys.sty
Package: kvsetkeys 2022-10-05 v1.19 Key value parser (HO)
)
(C:\Users\frabb\AppData\Local\Programs\MiKTeX\tex/generic/kvdefinekeys\kvdefine
keys.sty
Package: kvdefinekeys 2019-12-19 v1.6 Define keys (HO)
)
(C:\Users\frabb\AppData\Local\Programs\MiKTeX\tex/generic/pdfescape\pdfescape.s
ty
Package: pdfescape 2019/12/09 v1.15 Implements pdfTeX's escape features (HO)

(C:\Users\frabb\AppData\Local\Programs\MiKTeX\tex/generic/ltxcmds\ltxcmds.sty
Package: ltxcmds 2023-12-04 v1.26 LaTeX kernel commands for general use (HO)
)
(C:\Users\frabb\AppData\Local\Programs\MiKTeX\tex/generic/pdftexcmds\pdftexcmds
.sty
Package: pdftexcmds 2020-06-27 v0.33 Utility functions of pdfTeX for LuaTeX (HO
)
Package pdftexcmds Info: \pdf@primitive is available.
Package pdftexcmds Info: \pdf@ifprimitive is available.
Package pdftexcmds Info: \pdfdraftmode found.
))
(C:\Users\frabb\AppData\Local\Programs\MiKTeX\tex/latex/hycolor\hycolor.sty
Package: hycolor 2020-01-27 v1.10 Color options for hyperref/bookmark (HO)
)
(C:\Users\frabb\AppData\Local\Programs\MiKTeX\tex/latex/letltxmacro\letltxmacro
.sty
Package: letltxmacro 2019/12/03 v1.6 Let assignment for LaTeX macros (HO)
)
(C:\Users\frabb\AppData\Local\Programs\MiKTeX\tex/latex/auxhook\auxhook.sty
Package: auxhook 2019-12-17 v1.6 Hooks for auxiliary files (HO)
)
(C:\Users\frabb\AppData\Local\Programs\MiKTeX\tex/latex/hyperref\nameref.sty
Package: nameref 2023-11-26 v2.56 Cross-referencing by name of section

(C:\Users\frabb\AppData\Local\Programs\MiKTeX\tex/latex/refcount\refcount.sty
Package: refcount 2019/12/15 v3.6 Data extraction from label references (HO)
)
(C:\Users\frabb\AppData\Local\Programs\MiKTeX\tex/generic/gettitlestring\gettit
lestring.sty
Package: gettitlestring 2019/12/15 v1.6 Cleanup title references (HO)

(C:\Users\frabb\AppData\Local\Programs\MiKTeX\tex/latex/kvoptions\kvoptions.sty
Package: kvoptions 2022-06-15 v3.15 Key value format for package options (HO)
))
\c@section@level=\count286
)
(C:\Users\frabb\AppData\Local\Programs\MiKTeX\tex/latex/etoolbox\etoolbox.sty
Package: etoolbox 2020/10/05 v2.5k e-TeX tools for LaTeX (JAW)
\etb@tempcnta=\count287
)
\@linkdim=\dimen160
\Hy@linkcounter=\count288
\Hy@pagecounter=\count289

(C:\Users\frabb\AppData\Local\Programs\MiKTeX\tex/latex/hyperref\pd1enc.def
File: pd1enc.def 2023-11-26 v7.01g Hyperref: PDFDocEncoding definition (HO)
Now handling font encoding PD1 ...
... no UTF-8 mapping file for font encoding PD1
)
(C:\Users\frabb\AppData\Local\Programs\MiKTeX\tex/generic/intcalc\intcalc.sty
Package: intcalc 2019/12/15 v1.3 Expandable calculations with integers (HO)
)
\Hy@SavedSpaceFactor=\count290

(C:\Users\frabb\AppData\Local\Programs\MiKTeX\tex/latex/hyperref\puenc.def
File: puenc.def 2023-11-26 v7.01g Hyperref: PDF Unicode definition (HO)
Now handling font encoding PU ...
... no UTF-8 mapping file for font encoding PU
)
Package hyperref Info: Hyper figures OFF on input line 4181.
Package hyperref Info: Link nesting OFF on input line 4186.
Package hyperref Info: Hyper index ON on input line 4189.
Package hyperref Info: Plain pages OFF on input line 4196.
Package hyperref Info: Backreferencing OFF on input line 4201.
Package hyperref Info: Implicit mode ON; LaTeX internals redefined.
Package hyperref Info: Bookmarks ON on input line 4448.
\c@Hy@tempcnt=\count291

(C:\Users\frabb\AppData\Local\Programs\MiKTeX\tex/latex/url\url.sty
\Urlmuskip=\muskip17
Package: url 2013/09/16  ver 3.4  Verb mode for urls, etc.
)
LaTeX Info: Redefining \url on input line 4786.
\XeTeXLinkMargin=\dimen161

(C:\Users\frabb\AppData\Local\Programs\MiKTeX\tex/generic/bitset\bitset.sty
Package: bitset 2019/12/09 v1.3 Handle bit-vector datatype (HO)

(C:\Users\frabb\AppData\Local\Programs\MiKTeX\tex/generic/bigintcalc\bigintcalc
.sty
Package: bigintcalc 2019/12/15 v1.5 Expandable calculations on big integers (HO
)
))
\Fld@menulength=\count292
\Field@Width=\dimen162
\Fld@charsize=\dimen163
Package hyperref Info: Hyper figures OFF on input line 6065.
Package hyperref Info: Link nesting OFF on input line 6070.
Package hyperref Info: Hyper index ON on input line 6073.
Package hyperref Info: backreferencing OFF on input line 6080.
Package hyperref Info: Link coloring OFF on input line 6085.
Package hyperref Info: Link coloring with OCG OFF on input line 6090.
Package hyperref Info: PDF/A mode OFF on input line 6095.

(C:\Users\frabb\AppData\Local\Programs\MiKTeX\tex/latex/base\atbegshi-ltx.sty
Package: atbegshi-ltx 2021/01/10 v1.0c Emulation of the original atbegshi
package with kernel methods
)
\Hy@abspage=\count293
\c@Item=\count294
\c@Hfootnote=\count295
)
Package hyperref Info: Driver (autodetected): hpdftex.
(C:\Users\frabb\AppData\Local\Programs\MiKTeX\tex/latex/hyperref\hpdftex.def
File: hpdftex.def 2023-11-26 v7.01g Hyperref driver for pdfTeX

(C:\Users\frabb\AppData\Local\Programs\MiKTeX\tex/latex/base\atveryend-ltx.sty
Package: atveryend-ltx 2020/08/19 v1.0a Emulation of the original atveryend pac
kage
with kernel methods
)
\Fld@listcount=\count296
\c@bookmark@seq@number=\count297

(C:\Users\frabb\AppData\Local\Programs\MiKTeX\tex/latex/rerunfilecheck\rerunfil
echeck.sty
Package: rerunfilecheck 2022-07-10 v1.10 Rerun checks for auxiliary files (HO)

(C:\Users\frabb\AppData\Local\Programs\MiKTeX\tex/generic/uniquecounter\uniquec
ounter.sty
Package: uniquecounter 2019/12/15 v1.4 Provide unlimited unique counter (HO)
)
Package uniquecounter Info: New unique counter `rerunfilecheck' on input line 2
85.
)
\Hy@SectionHShift=\skip56
)
(C:\Users\frabb\AppData\Local\Programs\MiKTeX\tex/latex/cleveref\cleveref.sty
Package: cleveref 2018/03/27 v0.21.4 Intelligent cross-referencing
Package cleveref Info: `hyperref' support loaded on input line 2370.
LaTeX Info: Redefining \cref on input line 2370.
LaTeX Info: Redefining \Cref on input line 2370.
LaTeX Info: Redefining \crefrange on input line 2370.
LaTeX Info: Redefining \Crefrange on input line 2370.
LaTeX Info: Redefining \cpageref on input line 2370.
LaTeX Info: Redefining \Cpageref on input line 2370.
LaTeX Info: Redefining \cpagerefrange on input line 2370.
LaTeX Info: Redefining \Cpagerefrange on input line 2370.
LaTeX Info: Redefining \labelcref on input line 2370.
LaTeX Info: Redefining \labelcpageref on input line 2370.
Package cleveref Info: `algorithmicx' support loaded on input line 3120.
Package cleveref Info: always capitalise cross-reference names on input line 78
25.
Package cleveref Info: always capitalise cross-reference names on input line 78
52.
)
(C:\Users\frabb\AppData\Local\Programs\MiKTeX\tex/generic/babel\babel.sty
Package: babel 2024/01/07 v24.1 The Babel package
\babel@savecnt=\count298
\U@D=\dimen164
\l@unhyphenated=\language79

(C:\Users\frabb\AppData\Local\Programs\MiKTeX\tex/generic/babel\txtbabel.def)
\bbl@readstream=\read2
\bbl@dirlevel=\count299

*************************************
* Local config file bblopts.cfg used
*
(C:\Users\frabb\AppData\Local\Programs\MiKTeX\tex/latex/arabi\bblopts.cfg
File: bblopts.cfg 2005/09/08 v0.1 add Arabic and Farsi to "declared" options of
 babel
)
(C:\Users\frabb\AppData\Local\Programs\MiKTeX\tex/latex/babel-english\english.l
df
Language: english 2017/06/06 v3.3r English support from the babel system
Package babel Info: Hyphen rules for 'canadian' set to \l@english
(babel)             (\language0). Reported on input line 102.
Package babel Info: Hyphen rules for 'australian' set to \l@ukenglish
(babel)             (\language73). Reported on input line 105.
Package babel Info: Hyphen rules for 'newzealand' set to \l@ukenglish
(babel)             (\language73). Reported on input line 108.
))
(C:\Users\frabb\AppData\Local\Programs\MiKTeX\tex/generic/babel/locale/en\babel
-english.tex
Package babel Info: Importing font and identification data for english
(babel)             from babel-en.ini. Reported on input line 11.
)
(C:\Users\frabb\AppData\Local\Programs\MiKTeX\tex/latex/makecell\makecell.sty
Package: makecell 2009/08/03 V0.1e Managing of Tab Column Heads and Cells

(C:\Users\frabb\AppData\Local\Programs\MiKTeX\tex/latex/tools\array.sty
Package: array 2023/10/16 v2.5g Tabular extension package (FMi)
\col@sep=\dimen165
\ar@mcellbox=\box55
\extrarowheight=\dimen166
\NC@list=\toks29
\extratabsurround=\skip57
\backup@length=\skip58
\ar@cellbox=\box56
)
\rotheadsize=\dimen167
\c@nlinenum=\count300
\TeXr@lab=\toks30
)
(C:\Users\frabb\AppData\Local\Programs\MiKTeX\tex/latex/caption\caption.sty
Package: caption 2023/08/05 v3.6o Customizing captions (AR)

(C:\Users\frabb\AppData\Local\Programs\MiKTeX\tex/latex/caption\caption3.sty
Package: caption3 2023/07/31 v2.4d caption3 kernel (AR)
\caption@tempdima=\dimen168
\captionmargin=\dimen169
\caption@leftmargin=\dimen170
\caption@rightmargin=\dimen171
\caption@width=\dimen172
\caption@indent=\dimen173
\caption@parindent=\dimen174
\caption@hangindent=\dimen175
Package caption Info: Standard document class detected.
)
\c@caption@flags=\count301
\c@continuedfloat=\count302
Package caption Info: float package is loaded.
Package caption Info: hyperref package is loaded.
)
(C:\Users\frabb\AppData\Local\Programs\MiKTeX\tex/latex/listings\listings.sty
\lst@mode=\count303
\lst@gtempboxa=\box57
\lst@token=\toks31
\lst@length=\count304
\lst@currlwidth=\dimen176
\lst@column=\count305
\lst@pos=\count306
\lst@lostspace=\dimen177
\lst@width=\dimen178
\lst@newlines=\count307
\lst@lineno=\count308
\lst@maxwidth=\dimen179

(C:\Users\frabb\AppData\Local\Programs\MiKTeX\tex/latex/listings\lstmisc.sty
File: lstmisc.sty 2023/02/27 1.9 (Carsten Heinz)
\c@lstnumber=\count309
\lst@skipnumbers=\count310
\lst@framebox=\box58
)
(C:\Users\frabb\AppData\Local\Programs\MiKTeX\tex/latex/listings\listings.cfg
File: listings.cfg 2023/02/27 1.9 listings configuration
))
Package: listings 2023/02/27 1.9 (Carsten Heinz)
(C:\Users\frabb\AppData\Local\Programs\MiKTeX\tex/latex/titlesec\titlesec.sty
Package: titlesec 2023/10/27 v2.16 Sectioning titles
\ttl@box=\box59
\beforetitleunit=\skip59
\aftertitleunit=\skip60
\ttl@plus=\dimen180
\ttl@minus=\dimen181
\ttl@toksa=\toks32
\titlewidth=\dimen182
\titlewidthlast=\dimen183
\titlewidthfirst=\dimen184
)
Package hyperref Info: Option `colorlinks' set `true' on input line 25.

(C:\Users\frabb\AppData\Local\Programs\MiKTeX\tex/latex/enumitem\enumitem.sty
Package: enumitem 2019/06/20 v3.9 Customized lists
\labelindent=\skip61
\enit@outerparindent=\dimen185
\enit@toks=\toks33
\enit@inbox=\box60
\enit@count@id=\count311
\enitdp@description=\count312
)
(C:\Users\frabb\AppData\Local\Programs\MiKTeX\tex/latex/xcolor\xcolor.sty
Package: xcolor 2023/11/15 v3.01 LaTeX color extensions (UK)

(C:\Users\frabb\AppData\Local\Programs\MiKTeX\tex/latex/graphics-cfg\color.cfg
File: color.cfg 2016/01/02 v1.6 sample color configuration
)
Package xcolor Info: Driver file: pdftex.def on input line 274.
(C:\Users\frabb\AppData\Local\Programs\MiKTeX\tex/latex/graphics\mathcolor.ltx)
Package xcolor Info: Model `cmy' substituted by `cmy0' on input line 1350.
Package xcolor Info: Model `hsb' substituted by `rgb' on input line 1354.
Package xcolor Info: Model `RGB' extended on input line 1366.
Package xcolor Info: Model `HTML' substituted by `rgb' on input line 1368.
Package xcolor Info: Model `Hsb' substituted by `hsb' on input line 1369.
Package xcolor Info: Model `tHsb' substituted by `hsb' on input line 1370.
Package xcolor Info: Model `HSB' substituted by `hsb' on input line 1371.
Package xcolor Info: Model `Gray' substituted by `gray' on input line 1372.
Package xcolor Info: Model `wave' substituted by `hsb' on input line 1373.
)
(C:\Users\frabb\AppData\Local\Programs\MiKTeX\tex/latex/l3backend\l3backend-pdf
tex.def
File: l3backend-pdftex.def 2024-01-04 L3 backend support: PDF output (pdfTeX)
\l__color_backend_stack_int=\count313
\l__pdf_internal_box=\box61
) (6 Data Collection and Results.aux)
\openout1 = `"6 Data Collection and Results.aux"'.

LaTeX Font Info:    Checking defaults for OML/cmm/m/it on input line 93.
LaTeX Font Info:    ... okay on input line 93.
LaTeX Font Info:    Checking defaults for OMS/cmsy/m/n on input line 93.
LaTeX Font Info:    ... okay on input line 93.
LaTeX Font Info:    Checking defaults for OT1/cmr/m/n on input line 93.
LaTeX Font Info:    ... okay on input line 93.
LaTeX Font Info:    Checking defaults for T1/cmr/m/n on input line 93.
LaTeX Font Info:    ... okay on input line 93.
LaTeX Font Info:    Checking defaults for TS1/cmr/m/n on input line 93.
LaTeX Font Info:    ... okay on input line 93.
LaTeX Font Info:    Checking defaults for OMX/cmex/m/n on input line 93.
LaTeX Font Info:    ... okay on input line 93.
LaTeX Font Info:    Checking defaults for U/cmr/m/n on input line 93.
LaTeX Font Info:    ... okay on input line 93.
LaTeX Font Info:    Checking defaults for PD1/pdf/m/n on input line 93.
LaTeX Font Info:    ... okay on input line 93.
LaTeX Font Info:    Checking defaults for PU/pdf/m/n on input line 93.
LaTeX Font Info:    ... okay on input line 93.

(C:\Users\frabb\AppData\Local\Programs\MiKTeX\tex/context/base/mkii\supp-pdf.mk
ii
[Loading MPS to PDF converter (version 2006.09.02).]
\scratchcounter=\count314
\scratchdimen=\dimen186
\scratchbox=\box62
\nofMPsegments=\count315
\nofMParguments=\count316
\everyMPshowfont=\toks34
\MPscratchCnt=\count317
\MPscratchDim=\dimen187
\MPnumerator=\count318
\makeMPintoPDFobject=\count319
\everyMPtoPDFconversion=\toks35
)
(C:\Users\frabb\AppData\Local\Programs\MiKTeX\tex/latex/epstopdf-pkg\epstopdf-b
ase.sty
Package: epstopdf-base 2020-01-24 v2.11 Base part for package epstopdf
Package epstopdf-base Info: Redefining graphics rule for `.eps' on input line 4
85.

(C:\Users\frabb\AppData\Local\Programs\MiKTeX\tex/latex/00miktex\epstopdf-sys.c
fg
File: epstopdf-sys.cfg 2021/03/18 v2.0 Configuration of epstopdf for MiKTeX
))
*geometry* driver: auto-detecting
*geometry* detected driver: pdftex
*geometry* verbose mode - [ preamble ] result:
* driver: pdftex
* paper: a4paper
* layout: <same size as paper>
* layoutoffset:(h,v)=(0.0pt,0.0pt)
* modes: 
* h-part:(L,W,R)=(108.405pt, 416.83289pt, 72.26999pt)
* v-part:(T,H,B)=(72.26999pt, 700.50687pt, 72.26999pt)
* \paperwidth=597.50787pt
* \paperheight=845.04684pt
* \textwidth=416.83289pt
* \textheight=700.50687pt
* \oddsidemargin=36.13501pt
* \evensidemargin=36.13501pt
* \topmargin=-37.0pt
* \headheight=12.0pt
* \headsep=25.0pt
* \topskip=12.0pt
* \footskip=30.0pt
* \marginparwidth=35.0pt
* \marginparsep=10.0pt
* \columnsep=10.0pt
* \skip\footins=10.8pt plus 4.0pt minus 2.0pt
* \hoffset=0.0pt
* \voffset=0.0pt
* \mag=1000
* \@twocolumnfalse
* \@twosidefalse
* \@mparswitchfalse
* \@reversemarginfalse
* (1in=72.27pt=25.4mm, 1cm=28.453pt)

Package hyperref Info: Link coloring ON on input line 93.
(6 Data Collection and Results.out) (6 Data Collection and Results.out)
\@outlinefile=\write3
\openout3 = `"6 Data Collection and Results.out"'.

Package caption Info: Begin \AtBeginDocument code.
Package caption Info: listings package is loaded.
Package caption Info: End \AtBeginDocument code.
\c@lstlisting=\count320

Chapter 6.

LaTeX Warning: Reference `chap:5c' on page 1 undefined on input line 101.

[1


{C:/Users/frabb/AppData/Local/MiKTeX/fonts/map/pdftex/pdftex.map}]
<C:/Users/frabb/OneDrive - Cal Poly/Documents (Cloud)/0 CALPOLY/000Thesis/Chapt
ers/Images/txpos.jpg, id=53, 775.39688pt x 536.75531pt>
File: C:/Users/frabb/OneDrive - Cal Poly/Documents (Cloud)/0 CALPOLY/000Thesis/
Chapters/Images/txpos.jpg Graphic file (type jpg)
<use C:/Users/frabb/OneDrive - Cal Poly/Documents (Cloud)/0 CALPOLY/000Thesis/C
hapters/Images/txpos.jpg>
Package pdftex.def Info: C:/Users/frabb/OneDrive - Cal Poly/Documents (Cloud)/0
 CALPOLY/000Thesis/Chapters/Images/txpos.jpg  used on input line 119.
(pdftex.def)             Requested size: 416.83289pt x 288.54948pt.
<C:/Users/frabb/OneDrive - Cal Poly/Documents (Cloud)/0 CALPOLY/000Thesis/Chapt
ers/Images/testpic.jpg, id=55, 697.8572pt x 493.0922pt>
File: C:/Users/frabb/OneDrive - Cal Poly/Documents (Cloud)/0 CALPOLY/000Thesis/
Chapters/Images/testpic.jpg Graphic file (type jpg)
<use C:/Users/frabb/OneDrive - Cal Poly/Documents (Cloud)/0 CALPOLY/000Thesis/C
hapters/Images/testpic.jpg>
Package pdftex.def Info: C:/Users/frabb/OneDrive - Cal Poly/Documents (Cloud)/0
 CALPOLY/000Thesis/Chapters/Images/testpic.jpg  used on input line 128.
(pdftex.def)             Requested size: 375.14705pt x 265.0695pt.
 [2 <C:/Users/frabb/OneDrive - Cal Poly/Documents (Cloud)/0 CALPOLY/000Thesis/C
hapters/Images/txpos.jpg>]
LaTeX Font Info:    Trying to load font information for OML+cmr on input line 1
35.

(C:\Users\frabb\AppData\Local\Programs\MiKTeX\tex/latex/base\omlcmr.fd
File: omlcmr.fd 2023/04/13 v2.5m Standard LaTeX font definitions
)
LaTeX Font Info:    Font shape `OML/cmr/m/n' in size <12> not available
(Font)              Font shape `OML/cmm/m/it' tried instead on input line 135.

[3 <C:/Users/frabb/OneDrive - Cal Poly/Documents (Cloud)/0 CALPOLY/000Thesis/Ch
apters/Images/testpic.jpg>]
<C:/Users/frabb/OneDrive - Cal Poly/Documents (Cloud)/0 CALPOLY/000Thesis/Chapt
ers/Images/d_3_s_nomu.jpg, id=70, 1340.00626pt x 496.85625pt>
File: C:/Users/frabb/OneDrive - Cal Poly/Documents (Cloud)/0 CALPOLY/000Thesis/
Chapters/Images/d_3_s_nomu.jpg Graphic file (type jpg)
<use C:/Users/frabb/OneDrive - Cal Poly/Documents (Cloud)/0 CALPOLY/000Thesis/C
hapters/Images/d_3_s_nomu.jpg>
Package pdftex.def Info: C:/Users/frabb/OneDrive - Cal Poly/Documents (Cloud)/0
 CALPOLY/000Thesis/Chapters/Images/d_3_s_nomu.jpg  used on input line 147.
(pdftex.def)             Requested size: 416.83289pt x 154.55453pt.
<C:/Users/frabb/OneDrive - Cal Poly/Documents (Cloud)/0 CALPOLY/000Thesis/Chapt
ers/Images/d_4_s_nomu.jpg, id=71, 1346.02875pt x 505.13719pt>
File: C:/Users/frabb/OneDrive - Cal Poly/Documents (Cloud)/0 CALPOLY/000Thesis/
Chapters/Images/d_4_s_nomu.jpg Graphic file (type jpg)
<use C:/Users/frabb/OneDrive - Cal Poly/Documents (Cloud)/0 CALPOLY/000Thesis/C
hapters/Images/d_4_s_nomu.jpg>
Package pdftex.def Info: C:/Users/frabb/OneDrive - Cal Poly/Documents (Cloud)/0
 CALPOLY/000Thesis/Chapters/Images/d_4_s_nomu.jpg  used on input line 154.
(pdftex.def)             Requested size: 416.83289pt x 156.42905pt.
 [4] [5 <C:/Users/frabb/OneDrive - Cal Poly/Documents (Cloud)/0 CALPOLY/000Thes
is/Chapters/Images/d_3_s_nomu.jpg> <C:/Users/frabb/OneDrive - Cal Poly/Document
s (Cloud)/0 CALPOLY/000Thesis/Chapters/Images/d_4_s_nomu.jpg>]
<C:/Users/frabb/OneDrive - Cal Poly/Documents (Cloud)/0 CALPOLY/000Thesis/Chapt
ers/Images/distvsstd.jpg, id=84, 715.17188pt x 498.36188pt>
File: C:/Users/frabb/OneDrive - Cal Poly/Documents (Cloud)/0 CALPOLY/000Thesis/
Chapters/Images/distvsstd.jpg Graphic file (type jpg)
<use C:/Users/frabb/OneDrive - Cal Poly/Documents (Cloud)/0 CALPOLY/000Thesis/C
hapters/Images/distvsstd.jpg>
Package pdftex.def Info: C:/Users/frabb/OneDrive - Cal Poly/Documents (Cloud)/0
 CALPOLY/000Thesis/Chapters/Images/distvsstd.jpg  used on input line 163.
(pdftex.def)             Requested size: 395.98996pt x 275.94774pt.


LaTeX Warning: Reference `sec:6s4' on page 6 undefined on input line 168.


LaTeX Warning: Reference `3s4' on page 6 undefined on input line 171.

[6 <C:/Users/frabb/OneDrive - Cal Poly/Documents (Cloud)/0 CALPOLY/000Thesis/Ch
apters/Images/distvsstd.jpg>]
<C:/Users/frabb/OneDrive - Cal Poly/Documents (Cloud)/0 CALPOLY/000Thesis/Chapt
ers/Images/d_8_r_nomu.jpg, id=92, 1344.52313pt x 494.59781pt>
File: C:/Users/frabb/OneDrive - Cal Poly/Documents (Cloud)/0 CALPOLY/000Thesis/
Chapters/Images/d_8_r_nomu.jpg Graphic file (type jpg)
<use C:/Users/frabb/OneDrive - Cal Poly/Documents (Cloud)/0 CALPOLY/000Thesis/C
hapters/Images/d_8_r_nomu.jpg>
Package pdftex.def Info: C:/Users/frabb/OneDrive - Cal Poly/Documents (Cloud)/0
 CALPOLY/000Thesis/Chapters/Images/d_8_r_nomu.jpg  used on input line 175.
(pdftex.def)             Requested size: 416.83289pt x 153.33882pt.
<C:/Users/frabb/OneDrive - Cal Poly/Documents (Cloud)/0 CALPOLY/000Thesis/Chapt
ers/Images/d_2_r_nomu.jpg, id=93, 1342.2647pt x 499.8675pt>
File: C:/Users/frabb/OneDrive - Cal Poly/Documents (Cloud)/0 CALPOLY/000Thesis/
Chapters/Images/d_2_r_nomu.jpg Graphic file (type jpg)
<use C:/Users/frabb/OneDrive - Cal Poly/Documents (Cloud)/0 CALPOLY/000Thesis/C
hapters/Images/d_2_r_nomu.jpg>
Package pdftex.def Info: C:/Users/frabb/OneDrive - Cal Poly/Documents (Cloud)/0
 CALPOLY/000Thesis/Chapters/Images/d_2_r_nomu.jpg  used on input line 182.
(pdftex.def)             Requested size: 416.83289pt x 155.2319pt.
 [7 <C:/Users/frabb/OneDrive - Cal Poly/Documents (Cloud)/0 CALPOLY/000Thesis/C
hapters/Images/d_8_r_nomu.jpg> <C:/Users/frabb/OneDrive - Cal Poly/Documents (C
loud)/0 CALPOLY/000Thesis/Chapters/Images/d_2_r_nomu.jpg>]
<C:/Users/frabb/OneDrive - Cal Poly/Documents (Cloud)/0 CALPOLY/000Thesis/Chapt
ers/Images/yawvsstd.jpg, id=103, 691.83469pt x 496.85625pt>
File: C:/Users/frabb/OneDrive - Cal Poly/Documents (Cloud)/0 CALPOLY/000Thesis/
Chapters/Images/yawvsstd.jpg Graphic file (type jpg)
<use C:/Users/frabb/OneDrive - Cal Poly/Documents (Cloud)/0 CALPOLY/000Thesis/C
hapters/Images/yawvsstd.jpg>
Package pdftex.def Info: C:/Users/frabb/OneDrive - Cal Poly/Documents (Cloud)/0
 CALPOLY/000Thesis/Chapters/Images/yawvsstd.jpg  used on input line 191.
(pdftex.def)             Requested size: 416.83289pt x 299.35939pt.
<C:/Users/frabb/OneDrive - Cal Poly/Documents (Cloud)/0 CALPOLY/000Thesis/Chapt
ers/Images/d_6_s_nomu.jpg, id=106, 1336.24219pt x 504.38437pt>
File: C:/Users/frabb/OneDrive - Cal Poly/Documents (Cloud)/0 CALPOLY/000Thesis/
Chapters/Images/d_6_s_nomu.jpg Graphic file (type jpg)
<use C:/Users/frabb/OneDrive - Cal Poly/Documents (Cloud)/0 CALPOLY/000Thesis/C
hapters/Images/d_6_s_nomu.jpg>
Package pdftex.def Info: C:/Users/frabb/OneDrive - Cal Poly/Documents (Cloud)/0
 CALPOLY/000Thesis/Chapters/Images/d_6_s_nomu.jpg  used on input line 201.
(pdftex.def)             Requested size: 416.83289pt x 157.33496pt.
<C:/Users/frabb/OneDrive - Cal Poly/Documents (Cloud)/0 CALPOLY/000Thesis/Chapt
ers/Images/d_6_rg_nomu.jpg, id=107, 1340.00626pt x 499.11469pt>
File: C:/Users/frabb/OneDrive - Cal Poly/Documents (Cloud)/0 CALPOLY/000Thesis/
Chapters/Images/d_6_rg_nomu.jpg Graphic file (type jpg)
<use C:/Users/frabb/OneDrive - Cal Poly/Documents (Cloud)/0 CALPOLY/000Thesis/C
hapters/Images/d_6_rg_nomu.jpg>
Package pdftex.def Info: C:/Users/frabb/OneDrive - Cal Poly/Documents (Cloud)/0
 CALPOLY/000Thesis/Chapters/Images/d_6_rg_nomu.jpg  used on input line 208.
(pdftex.def)             Requested size: 416.83289pt x 155.25705pt.
<C:/Users/frabb/OneDrive - Cal Poly/Documents (Cloud)/0 CALPOLY/000Thesis/Chapt
ers/Images/d_all_s.jpg, id=110, 1340.00626pt x 496.85625pt>
File: C:/Users/frabb/OneDrive - Cal Poly/Documents (Cloud)/0 CALPOLY/000Thesis/
Chapters/Images/d_all_s.jpg Graphic file (type jpg)
<use C:/Users/frabb/OneDrive - Cal Poly/Documents (Cloud)/0 CALPOLY/000Thesis/C
hapters/Images/d_all_s.jpg>
Package pdftex.def Info: C:/Users/frabb/OneDrive - Cal Poly/Documents (Cloud)/0
 CALPOLY/000Thesis/Chapters/Images/d_all_s.jpg  used on input line 218.
(pdftex.def)             Requested size: 416.83289pt x 154.55453pt.
<C:/Users/frabb/OneDrive - Cal Poly/Documents (Cloud)/0 CALPOLY/000Thesis/Chapt
ers/Images/d_all_rg_xyzabc.jpg, id=111, 1343.77031pt x 491.58656pt>
File: C:/Users/frabb/OneDrive - Cal Poly/Documents (Cloud)/0 CALPOLY/000Thesis/
Chapters/Images/d_all_rg_xyzabc.jpg Graphic file (type jpg)
<use C:/Users/frabb/OneDrive - Cal Poly/Documents (Cloud)/0 CALPOLY/000Thesis/C
hapters/Images/d_all_rg_xyzabc.jpg>
Package pdftex.def Info: C:/Users/frabb/OneDrive - Cal Poly/Documents (Cloud)/0
 CALPOLY/000Thesis/Chapters/Images/d_all_rg_xyzabc.jpg  used on input line 225.

(pdftex.def)             Requested size: 416.83289pt x 152.48776pt.
 [8 <C:/Users/frabb/OneDrive - Cal Poly/Documents (Cloud)/0 CALPOLY/000Thesis/C
hapters/Images/yawvsstd.jpg>] [9 <C:/Users/frabb/OneDrive - Cal Poly/Documents 
(Cloud)/0 CALPOLY/000Thesis/Chapters/Images/d_6_s_nomu.jpg> <C:/Users/frabb/One
Drive - Cal Poly/Documents (Cloud)/0 CALPOLY/000Thesis/Chapters/Images/d_6_rg_n
omu.jpg> <C:/Users/frabb/OneDrive - Cal Poly/Documents (Cloud)/0 CALPOLY/000The
sis/Chapters/Images/d_all_s.jpg>]
<C:/Users/frabb/OneDrive - Cal Poly/Documents (Cloud)/0 CALPOLY/000Thesis/Chapt
ers/Images/d_all_r_xyzabc.jpg, id=126, 1340.75906pt x 501.37312pt>
File: C:/Users/frabb/OneDrive - Cal Poly/Documents (Cloud)/0 CALPOLY/000Thesis/
Chapters/Images/d_all_r_xyzabc.jpg Graphic file (type jpg)
<use C:/Users/frabb/OneDrive - Cal Poly/Documents (Cloud)/0 CALPOLY/000Thesis/C
hapters/Images/d_all_r_xyzabc.jpg>
Package pdftex.def Info: C:/Users/frabb/OneDrive - Cal Poly/Documents (Cloud)/0
 CALPOLY/000Thesis/Chapters/Images/d_all_r_xyzabc.jpg  used on input line 235.
(pdftex.def)             Requested size: 416.83289pt x 155.86777pt.
<C:/Users/frabb/OneDrive - Cal Poly/Documents (Cloud)/0 CALPOLY/000Thesis/Chapt
ers/Images/d_all_g_xyzabc.jpg, id=127, 1343.0175pt x 499.8675pt>
File: C:/Users/frabb/OneDrive - Cal Poly/Documents (Cloud)/0 CALPOLY/000Thesis/
Chapters/Images/d_all_g_xyzabc.jpg Graphic file (type jpg)
<use C:/Users/frabb/OneDrive - Cal Poly/Documents (Cloud)/0 CALPOLY/000Thesis/C
hapters/Images/d_all_g_xyzabc.jpg>
Package pdftex.def Info: C:/Users/frabb/OneDrive - Cal Poly/Documents (Cloud)/0
 CALPOLY/000Thesis/Chapters/Images/d_all_g_xyzabc.jpg  used on input line 242.
(pdftex.def)             Requested size: 416.83289pt x 155.14037pt.
 [10 <C:/Users/frabb/OneDrive - Cal Poly/Documents (Cloud)/0 CALPOLY/000Thesis/
Chapters/Images/d_all_rg_xyzabc.jpg> <C:/Users/frabb/OneDrive - Cal Poly/Docume
nts (Cloud)/0 CALPOLY/000Thesis/Chapters/Images/d_all_r_xyzabc.jpg>]
<C:/Users/frabb/OneDrive - Cal Poly/Documents (Cloud)/0 CALPOLY/000Thesis/Chapt
ers/Images/h_all_rgs.jpg, id=138, 1116.42094pt x 925.95938pt>
File: C:/Users/frabb/OneDrive - Cal Poly/Documents (Cloud)/0 CALPOLY/000Thesis/
Chapters/Images/h_all_rgs.jpg Graphic file (type jpg)
<use C:/Users/frabb/OneDrive - Cal Poly/Documents (Cloud)/0 CALPOLY/000Thesis/C
hapters/Images/h_all_rgs.jpg>
Package pdftex.def Info: C:/Users/frabb/OneDrive - Cal Poly/Documents (Cloud)/0
 CALPOLY/000Thesis/Chapters/Images/h_all_rgs.jpg  used on input line 265.
(pdftex.def)             Requested size: 416.83289pt x 345.7221pt.
<C:/Users/frabb/OneDrive - Cal Poly/Documents (Cloud)/0 CALPOLY/000Thesis/Chapt
ers/Images/h_3_s.jpg, id=139, 1121.69063pt x 930.47626pt>
File: C:/Users/frabb/OneDrive - Cal Poly/Documents (Cloud)/0 CALPOLY/000Thesis/
Chapters/Images/h_3_s.jpg Graphic file (type jpg)
<use C:/Users/frabb/OneDrive - Cal Poly/Documents (Cloud)/0 CALPOLY/000Thesis/C
hapters/Images/h_3_s.jpg>
Package pdftex.def Info: C:/Users/frabb/OneDrive - Cal Poly/Documents (Cloud)/0
 CALPOLY/000Thesis/Chapters/Images/h_3_s.jpg  used on input line 272.
(pdftex.def)             Requested size: 416.83289pt x 345.7616pt.
<C:/Users/frabb/OneDrive - Cal Poly/Documents (Cloud)/0 CALPOLY/000Thesis/Chapt
ers/Images/h_4_s.jpg, id=140, 1117.17375pt x 925.20656pt>
File: C:/Users/frabb/OneDrive - Cal Poly/Documents (Cloud)/0 CALPOLY/000Thesis/
Chapters/Images/h_4_s.jpg Graphic file (type jpg)
<use C:/Users/frabb/OneDrive - Cal Poly/Documents (Cloud)/0 CALPOLY/000Thesis/C
hapters/Images/h_4_s.jpg>
Package pdftex.def Info: C:/Users/frabb/OneDrive - Cal Poly/Documents (Cloud)/0
 CALPOLY/000Thesis/Chapters/Images/h_4_s.jpg  used on input line 279.
(pdftex.def)             Requested size: 416.83289pt x 345.20103pt.
 [11 <C:/Users/frabb/OneDrive - Cal Poly/Documents (Cloud)/0 CALPOLY/000Thesis/
Chapters/Images/d_all_g_xyzabc.jpg>] [12 <C:/Users/frabb/OneDrive - Cal Poly/Do
cuments (Cloud)/0 CALPOLY/000Thesis/Chapters/Images/h_all_rgs.jpg>] [13 <C:/Use
rs/frabb/OneDrive - Cal Poly/Documents (Cloud)/0 CALPOLY/000Thesis/Chapters/Ima
ges/h_3_s.jpg>] [14 <C:/Users/frabb/OneDrive - Cal Poly/Documents (Cloud)/0 CAL
POLY/000Thesis/Chapters/Images/h_4_s.jpg>]

LaTeX Warning: Reference `sec:2s6' on page 15 undefined on input line 287.

<C:/Users/frabb/OneDrive - Cal Poly/Documents (Cloud)/0 CALPOLY/000Thesis/Chapt
ers/Images/datasum1.jpg, id=165, 767.86874pt x 246.9225pt>
File: C:/Users/frabb/OneDrive - Cal Poly/Documents (Cloud)/0 CALPOLY/000Thesis/
Chapters/Images/datasum1.jpg Graphic file (type jpg)
<use C:/Users/frabb/OneDrive - Cal Poly/Documents (Cloud)/0 CALPOLY/000Thesis/C
hapters/Images/datasum1.jpg>
Package pdftex.def Info: C:/Users/frabb/OneDrive - Cal Poly/Documents (Cloud)/0
 CALPOLY/000Thesis/Chapters/Images/datasum1.jpg  used on input line 291.
(pdftex.def)             Requested size: 416.83289pt x 134.04071pt.
<C:/Users/frabb/OneDrive - Cal Poly/Documents (Cloud)/0 CALPOLY/000Thesis/Chapt
ers/Images/datasum2.jpg, id=166, 767.11594pt x 246.9225pt>
File: C:/Users/frabb/OneDrive - Cal Poly/Documents (Cloud)/0 CALPOLY/000Thesis/
Chapters/Images/datasum2.jpg Graphic file (type jpg)
<use C:/Users/frabb/OneDrive - Cal Poly/Documents (Cloud)/0 CALPOLY/000Thesis/C
hapters/Images/datasum2.jpg>
Package pdftex.def Info: C:/Users/frabb/OneDrive - Cal Poly/Documents (Cloud)/0
 CALPOLY/000Thesis/Chapters/Images/datasum2.jpg  used on input line 298.
(pdftex.def)             Requested size: 416.83289pt x 134.17258pt.
[15 <C:/Users/frabb/OneDrive - Cal Poly/Documents (Cloud)/0 CALPOLY/000Thesis/C
hapters/Images/datasum1.jpg> <C:/Users/frabb/OneDrive - Cal Poly/Documents (Clo
ud)/0 CALPOLY/000Thesis/Chapters/Images/datasum2.jpg>]

LaTeX Warning: Reference `ssec:3s9s2' on page 16 undefined on input line 317.

[16]
LaTeX Font Info:    Trying to load font information for U+msa on input line 323
.
 (C:\Users\frabb\AppData\Local\Programs\MiKTeX\tex/latex/amsfonts\umsa.fd
File: umsa.fd 2013/01/14 v3.01 AMS symbols A
)
LaTeX Font Info:    Trying to load font information for U+msb on input line 323
.

(C:\Users\frabb\AppData\Local\Programs\MiKTeX\tex/latex/amsfonts\umsb.fd
File: umsb.fd 2013/01/14 v3.01 AMS symbols B
)

LaTeX Warning: Reference `fig:attenuation' on page 17 undefined on input line 3
37.


LaTeX Warning: Reference `sec:3s4' on page 17 undefined on input line 337.

<C:/Users/frabb/OneDrive - Cal Poly/Documents (Cloud)/0 CALPOLY/000Thesis/Chapt
ers/Images/airatten.jpg, id=189, 514.92375pt x 934.24031pt>
File: C:/Users/frabb/OneDrive - Cal Poly/Documents (Cloud)/0 CALPOLY/000Thesis/
Chapters/Images/airatten.jpg Graphic file (type jpg)
<use C:/Users/frabb/OneDrive - Cal Poly/Documents (Cloud)/0 CALPOLY/000Thesis/C
hapters/Images/airatten.jpg>
Package pdftex.def Info: C:/Users/frabb/OneDrive - Cal Poly/Documents (Cloud)/0
 CALPOLY/000Thesis/Chapters/Images/airatten.jpg  used on input line 341.
(pdftex.def)             Requested size: 291.78174pt x 529.40059pt.
[17] [18 <C:/Users/frabb/OneDrive - Cal Poly/Documents (Cloud)/0 CALPOLY/000The
sis/Chapters/Images/airatten.jpg>] [19] (6 Data Collection and Results.bbl
[20]
Underfull \hbox (badness 10000) in paragraph at lines 46--50
\OT1/cmr/m/n/12 Absorption . html# : [] : text = As % 20sound % 20waves % 20tra
vel % 20through ,[] in %
 []


Overfull \hbox (121.21025pt too wide) in paragraph at lines 62--67
\OT1/cmr/m/n/12 Assessing-[]the-[]Impact-[]of-[]Underwater-[]Sounds-[]on-[]Fish
es-[]and-[]Other-[]Forms-[]of-[]Marine-[]Life-[]Anthony-[]D .
 []

)

Package caption Warning: Unused \captionsetup[table] on input line 59.
See the caption package documentation for explanation.

[21

] (6 Data Collection and Results.aux)
 ***********
LaTeX2e <2023-11-01> patch level 1
L3 programming layer <2024-01-04>
 ***********


LaTeX Warning: There were undefined references.

Package rerunfilecheck Info: File `"6 Data Collection and Results".out' has not
 changed.
(rerunfilecheck)             Checksum: C840CA5E89650FAF727A6674846F0E1D;2047.
 ) 
Here is how much of TeX's memory you used:
 17900 strings out of 474485
 310240 string characters out of 5743734
 1937542 words of memory out of 5000000
 39917 multiletter control sequences out of 15000+600000
 565691 words of font info for 64 fonts, out of 8000000 for 9000
 1141 hyphenation exceptions out of 8191
 75i,6n,79p,1366b,574s stack positions out of 10000i,1000n,20000p,200000b,200000s
 <C:\Users\frabb\AppData\Local\MiKTeX\fonts/pk/ljfour/jknappen/ec/dpi600\tcrm
1200.pk><C:/Users/frabb/AppData/Local/Programs/MiKTeX/fonts/type1/public/amsfon
ts/cm/cmbx12.pfb><C:/Users/frabb/AppData/Local/Programs/MiKTeX/fonts/type1/publ
ic/amsfonts/cm/cmmi12.pfb><C:/Users/frabb/AppData/Local/Programs/MiKTeX/fonts/t
ype1/public/amsfonts/cm/cmmi8.pfb><C:/Users/frabb/AppData/Local/Programs/MiKTeX
/fonts/type1/public/amsfonts/cm/cmr12.pfb><C:/Users/frabb/AppData/Local/Program
s/MiKTeX/fonts/type1/public/amsfonts/cm/cmr8.pfb><C:/Users/frabb/AppData/Local/
Programs/MiKTeX/fonts/type1/public/amsfonts/cm/cmsy10.pfb><C:/Users/frabb/AppDa
ta/Local/Programs/MiKTeX/fonts/type1/public/amsfonts/cm/cmsy6.pfb><C:/Users/fra
bb/AppData/Local/Programs/MiKTeX/fonts/type1/public/amsfonts/cm/cmsy8.pfb><C:/U
sers/frabb/AppData/Local/Programs/MiKTeX/fonts/type1/public/amsfonts/cm/cmti12.
pfb><C:/Users/frabb/AppData/Local/Programs/MiKTeX/fonts/type1/public/amsfonts/c
m/cmtt12.pfb>
Output written on "6 Data Collection and Results.pdf" (21 pages, 2932877 bytes)
.
PDF statistics:
 311 PDF objects out of 1000 (max. 8388607)
 64 named destinations out of 1000 (max. 500000)
 181 words of extra memory for PDF output out of 10000 (max. 10000000)

