This is pdfTeX, Version 3.141592653-2.6-1.40.25 (MiKTeX 24.1) (preloaded format=pdflatex 2024.8.10)  22 AUG 2024 00:52
entering extended mode
 restricted \write18 enabled.
 %&-line parsing enabled.
**"./2 Ground-Truth Positioning System.tex"
(2 Ground-Truth Positioning System.tex
LaTeX2e <2023-11-01> patch level 1
L3 programming layer <2024-01-04>
(C:\Users\frabb\AppData\Local\Programs\MiKTeX\tex/latex/base\report.cls
Document Class: report 2023/05/17 v1.4n Standard LaTeX document class
(C:\Users\frabb\AppData\Local\Programs\MiKTeX\tex/latex/base\size12.clo
File: size12.clo 2023/05/17 v1.4n Standard LaTeX file (size option)
)
\c@part=\count187
\c@chapter=\count188
\c@section=\count189
\c@subsection=\count190
\c@subsubsection=\count191
\c@paragraph=\count192
\c@subparagraph=\count193
\c@figure=\count194
\c@table=\count195
\abovecaptionskip=\skip48
\belowcaptionskip=\skip49
\bibindent=\dimen140
)
(C:\Users\frabb\AppData\Local\Programs\MiKTeX\tex/latex/base\inputenc.sty
Package: inputenc 2021/02/14 v1.3d Input encoding file
\inpenc@prehook=\toks17
\inpenc@posthook=\toks18
)
(C:\Users\frabb\AppData\Local\Programs\MiKTeX\tex/latex/amsmath\amsmath.sty
Package: amsmath 2023/05/13 v2.17o AMS math features
\@mathmargin=\skip50

For additional information on amsmath, use the `?' option.
(C:\Users\frabb\AppData\Local\Programs\MiKTeX\tex/latex/amsmath\amstext.sty
Package: amstext 2021/08/26 v2.01 AMS text

(C:\Users\frabb\AppData\Local\Programs\MiKTeX\tex/latex/amsmath\amsgen.sty
File: amsgen.sty 1999/11/30 v2.0 generic functions
\@emptytoks=\toks19
\ex@=\dimen141
))
(C:\Users\frabb\AppData\Local\Programs\MiKTeX\tex/latex/amsmath\amsbsy.sty
Package: amsbsy 1999/11/29 v1.2d Bold Symbols
\pmbraise@=\dimen142
)
(C:\Users\frabb\AppData\Local\Programs\MiKTeX\tex/latex/amsmath\amsopn.sty
Package: amsopn 2022/04/08 v2.04 operator names
)
\inf@bad=\count196
LaTeX Info: Redefining \frac on input line 234.
\uproot@=\count197
\leftroot@=\count198
LaTeX Info: Redefining \overline on input line 399.
LaTeX Info: Redefining \colon on input line 410.
\classnum@=\count199
\DOTSCASE@=\count266
LaTeX Info: Redefining \ldots on input line 496.
LaTeX Info: Redefining \dots on input line 499.
LaTeX Info: Redefining \cdots on input line 620.
\Mathstrutbox@=\box51
\strutbox@=\box52
LaTeX Info: Redefining \big on input line 722.
LaTeX Info: Redefining \Big on input line 723.
LaTeX Info: Redefining \bigg on input line 724.
LaTeX Info: Redefining \Bigg on input line 725.
\big@size=\dimen143
LaTeX Font Info:    Redeclaring font encoding OML on input line 743.
LaTeX Font Info:    Redeclaring font encoding OMS on input line 744.
\macc@depth=\count267
LaTeX Info: Redefining \bmod on input line 905.
LaTeX Info: Redefining \pmod on input line 910.
LaTeX Info: Redefining \smash on input line 940.
LaTeX Info: Redefining \relbar on input line 970.
LaTeX Info: Redefining \Relbar on input line 971.
\c@MaxMatrixCols=\count268
\dotsspace@=\muskip16
\c@parentequation=\count269
\dspbrk@lvl=\count270
\tag@help=\toks20
\row@=\count271
\column@=\count272
\maxfields@=\count273
\andhelp@=\toks21
\eqnshift@=\dimen144
\alignsep@=\dimen145
\tagshift@=\dimen146
\tagwidth@=\dimen147
\totwidth@=\dimen148
\lineht@=\dimen149
\@envbody=\toks22
\multlinegap=\skip51
\multlinetaggap=\skip52
\mathdisplay@stack=\toks23
LaTeX Info: Redefining \[ on input line 2953.
LaTeX Info: Redefining \] on input line 2954.
)
(C:\Users\frabb\AppData\Local\Programs\MiKTeX\tex/latex/amsfonts\amssymb.sty
Package: amssymb 2013/01/14 v3.01 AMS font symbols

(C:\Users\frabb\AppData\Local\Programs\MiKTeX\tex/latex/amsfonts\amsfonts.sty
Package: amsfonts 2013/01/14 v3.01 Basic AMSFonts support
\symAMSa=\mathgroup4
\symAMSb=\mathgroup5
LaTeX Font Info:    Redeclaring math symbol \hbar on input line 98.
LaTeX Font Info:    Overwriting math alphabet `\mathfrak' in version `bold'
(Font)                  U/euf/m/n --> U/euf/b/n on input line 106.
)) (C:\Users\frabb\AppData\Local\Programs\MiKTeX\tex/latex/graphics\graphicx.st
y
Package: graphicx 2021/09/16 v1.2d Enhanced LaTeX Graphics (DPC,SPQR)

(C:\Users\frabb\AppData\Local\Programs\MiKTeX\tex/latex/graphics\keyval.sty
Package: keyval 2022/05/29 v1.15 key=value parser (DPC)
\KV@toks@=\toks24
)
(C:\Users\frabb\AppData\Local\Programs\MiKTeX\tex/latex/graphics\graphics.sty
Package: graphics 2022/03/10 v1.4e Standard LaTeX Graphics (DPC,SPQR)

(C:\Users\frabb\AppData\Local\Programs\MiKTeX\tex/latex/graphics\trig.sty
Package: trig 2021/08/11 v1.11 sin cos tan (DPC)
)
(C:\Users\frabb\AppData\Local\Programs\MiKTeX\tex/latex/graphics-cfg\graphics.c
fg
File: graphics.cfg 2016/06/04 v1.11 sample graphics configuration
)
Package graphics Info: Driver file: pdftex.def on input line 107.

(C:\Users\frabb\AppData\Local\Programs\MiKTeX\tex/latex/graphics-def\pdftex.def
File: pdftex.def 2022/09/22 v1.2b Graphics/color driver for pdftex
))
\Gin@req@height=\dimen150
\Gin@req@width=\dimen151
)
(C:\Users\frabb\AppData\Local\Programs\MiKTeX\tex/latex/geometry\geometry.sty
Package: geometry 2020/01/02 v5.9 Page Geometry

(C:\Users\frabb\AppData\Local\Programs\MiKTeX\tex/generic/iftex\ifvtex.sty
Package: ifvtex 2019/10/25 v1.7 ifvtex legacy package. Use iftex instead.

(C:\Users\frabb\AppData\Local\Programs\MiKTeX\tex/generic/iftex\iftex.sty
Package: iftex 2022/02/03 v1.0f TeX engine tests
))
\Gm@cnth=\count274
\Gm@cntv=\count275
\c@Gm@tempcnt=\count276
\Gm@bindingoffset=\dimen152
\Gm@wd@mp=\dimen153
\Gm@odd@mp=\dimen154
\Gm@even@mp=\dimen155
\Gm@layoutwidth=\dimen156
\Gm@layoutheight=\dimen157
\Gm@layouthoffset=\dimen158
\Gm@layoutvoffset=\dimen159
\Gm@dimlist=\toks25

(C:\Users\frabb\AppData\Local\Programs\MiKTeX\tex/latex/geometry\geometry.cfg))
(C:\Users\frabb\AppData\Local\Programs\MiKTeX\tex/latex/hyperref\hyperref.sty
Package: hyperref 2023-11-26 v7.01g Hypertext links for LaTeX

(C:\Users\frabb\AppData\Local\Programs\MiKTeX\tex/generic/infwarerr\infwarerr.s
ty
Package: infwarerr 2019/12/03 v1.5 Providing info/warning/error messages (HO)
)
(C:\Users\frabb\AppData\Local\Programs\MiKTeX\tex/latex/kvsetkeys\kvsetkeys.sty
Package: kvsetkeys 2022-10-05 v1.19 Key value parser (HO)
)
(C:\Users\frabb\AppData\Local\Programs\MiKTeX\tex/generic/kvdefinekeys\kvdefine
keys.sty
Package: kvdefinekeys 2019-12-19 v1.6 Define keys (HO)
)
(C:\Users\frabb\AppData\Local\Programs\MiKTeX\tex/generic/pdfescape\pdfescape.s
ty
Package: pdfescape 2019/12/09 v1.15 Implements pdfTeX's escape features (HO)

(C:\Users\frabb\AppData\Local\Programs\MiKTeX\tex/generic/ltxcmds\ltxcmds.sty
Package: ltxcmds 2023-12-04 v1.26 LaTeX kernel commands for general use (HO)
)
(C:\Users\frabb\AppData\Local\Programs\MiKTeX\tex/generic/pdftexcmds\pdftexcmds
.sty
Package: pdftexcmds 2020-06-27 v0.33 Utility functions of pdfTeX for LuaTeX (HO
)
Package pdftexcmds Info: \pdf@primitive is available.
Package pdftexcmds Info: \pdf@ifprimitive is available.
Package pdftexcmds Info: \pdfdraftmode found.
))
(C:\Users\frabb\AppData\Local\Programs\MiKTeX\tex/latex/hycolor\hycolor.sty
Package: hycolor 2020-01-27 v1.10 Color options for hyperref/bookmark (HO)
)
(C:\Users\frabb\AppData\Local\Programs\MiKTeX\tex/latex/letltxmacro\letltxmacro
.sty
Package: letltxmacro 2019/12/03 v1.6 Let assignment for LaTeX macros (HO)
)
(C:\Users\frabb\AppData\Local\Programs\MiKTeX\tex/latex/auxhook\auxhook.sty
Package: auxhook 2019-12-17 v1.6 Hooks for auxiliary files (HO)
)
(C:\Users\frabb\AppData\Local\Programs\MiKTeX\tex/latex/hyperref\nameref.sty
Package: nameref 2023-11-26 v2.56 Cross-referencing by name of section

(C:\Users\frabb\AppData\Local\Programs\MiKTeX\tex/latex/refcount\refcount.sty
Package: refcount 2019/12/15 v3.6 Data extraction from label references (HO)
)
(C:\Users\frabb\AppData\Local\Programs\MiKTeX\tex/generic/gettitlestring\gettit
lestring.sty
Package: gettitlestring 2019/12/15 v1.6 Cleanup title references (HO)

(C:\Users\frabb\AppData\Local\Programs\MiKTeX\tex/latex/kvoptions\kvoptions.sty
Package: kvoptions 2022-06-15 v3.15 Key value format for package options (HO)
))
\c@section@level=\count277
)
(C:\Users\frabb\AppData\Local\Programs\MiKTeX\tex/latex/etoolbox\etoolbox.sty
Package: etoolbox 2020/10/05 v2.5k e-TeX tools for LaTeX (JAW)
\etb@tempcnta=\count278
)
\@linkdim=\dimen160
\Hy@linkcounter=\count279
\Hy@pagecounter=\count280

(C:\Users\frabb\AppData\Local\Programs\MiKTeX\tex/latex/hyperref\pd1enc.def
File: pd1enc.def 2023-11-26 v7.01g Hyperref: PDFDocEncoding definition (HO)
Now handling font encoding PD1 ...
... no UTF-8 mapping file for font encoding PD1
)
(C:\Users\frabb\AppData\Local\Programs\MiKTeX\tex/generic/intcalc\intcalc.sty
Package: intcalc 2019/12/15 v1.3 Expandable calculations with integers (HO)
)
\Hy@SavedSpaceFactor=\count281

(C:\Users\frabb\AppData\Local\Programs\MiKTeX\tex/latex/hyperref\puenc.def
File: puenc.def 2023-11-26 v7.01g Hyperref: PDF Unicode definition (HO)
Now handling font encoding PU ...
... no UTF-8 mapping file for font encoding PU
)
Package hyperref Info: Hyper figures OFF on input line 4181.
Package hyperref Info: Link nesting OFF on input line 4186.
Package hyperref Info: Hyper index ON on input line 4189.
Package hyperref Info: Plain pages OFF on input line 4196.
Package hyperref Info: Backreferencing OFF on input line 4201.
Package hyperref Info: Implicit mode ON; LaTeX internals redefined.
Package hyperref Info: Bookmarks ON on input line 4448.
\c@Hy@tempcnt=\count282

(C:\Users\frabb\AppData\Local\Programs\MiKTeX\tex/latex/url\url.sty
\Urlmuskip=\muskip17
Package: url 2013/09/16  ver 3.4  Verb mode for urls, etc.
)
LaTeX Info: Redefining \url on input line 4786.
\XeTeXLinkMargin=\dimen161

(C:\Users\frabb\AppData\Local\Programs\MiKTeX\tex/generic/bitset\bitset.sty
Package: bitset 2019/12/09 v1.3 Handle bit-vector datatype (HO)

(C:\Users\frabb\AppData\Local\Programs\MiKTeX\tex/generic/bigintcalc\bigintcalc
.sty
Package: bigintcalc 2019/12/15 v1.5 Expandable calculations on big integers (HO
)
))
\Fld@menulength=\count283
\Field@Width=\dimen162
\Fld@charsize=\dimen163
Package hyperref Info: Hyper figures OFF on input line 6065.
Package hyperref Info: Link nesting OFF on input line 6070.
Package hyperref Info: Hyper index ON on input line 6073.
Package hyperref Info: backreferencing OFF on input line 6080.
Package hyperref Info: Link coloring OFF on input line 6085.
Package hyperref Info: Link coloring with OCG OFF on input line 6090.
Package hyperref Info: PDF/A mode OFF on input line 6095.

(C:\Users\frabb\AppData\Local\Programs\MiKTeX\tex/latex/base\atbegshi-ltx.sty
Package: atbegshi-ltx 2021/01/10 v1.0c Emulation of the original atbegshi
package with kernel methods
)
\Hy@abspage=\count284
\c@Item=\count285
\c@Hfootnote=\count286
)
Package hyperref Info: Driver (autodetected): hpdftex.
(C:\Users\frabb\AppData\Local\Programs\MiKTeX\tex/latex/hyperref\hpdftex.def
File: hpdftex.def 2023-11-26 v7.01g Hyperref driver for pdfTeX

(C:\Users\frabb\AppData\Local\Programs\MiKTeX\tex/latex/base\atveryend-ltx.sty
Package: atveryend-ltx 2020/08/19 v1.0a Emulation of the original atveryend pac
kage
with kernel methods
)
\Fld@listcount=\count287
\c@bookmark@seq@number=\count288

(C:\Users\frabb\AppData\Local\Programs\MiKTeX\tex/latex/rerunfilecheck\rerunfil
echeck.sty
Package: rerunfilecheck 2022-07-10 v1.10 Rerun checks for auxiliary files (HO)

(C:\Users\frabb\AppData\Local\Programs\MiKTeX\tex/generic/uniquecounter\uniquec
ounter.sty
Package: uniquecounter 2019/12/15 v1.4 Provide unlimited unique counter (HO)
)
Package uniquecounter Info: New unique counter `rerunfilecheck' on input line 2
85.
)
\Hy@SectionHShift=\skip53
)
(C:\Users\frabb\AppData\Local\Programs\MiKTeX\tex/latex/cleveref\cleveref.sty
Package: cleveref 2018/03/27 v0.21.4 Intelligent cross-referencing
Package cleveref Info: `hyperref' support loaded on input line 2370.
LaTeX Info: Redefining \cref on input line 2370.
LaTeX Info: Redefining \Cref on input line 2370.
LaTeX Info: Redefining \crefrange on input line 2370.
LaTeX Info: Redefining \Crefrange on input line 2370.
LaTeX Info: Redefining \cpageref on input line 2370.
LaTeX Info: Redefining \Cpageref on input line 2370.
LaTeX Info: Redefining \cpagerefrange on input line 2370.
LaTeX Info: Redefining \Cpagerefrange on input line 2370.
LaTeX Info: Redefining \labelcref on input line 2370.
LaTeX Info: Redefining \labelcpageref on input line 2370.
Package cleveref Info: always capitalise cross-reference names on input line 78
25.
Package cleveref Info: always capitalise cross-reference names on input line 78
52.
)
(C:\Users\frabb\AppData\Local\Programs\MiKTeX\tex/generic/babel\babel.sty
Package: babel 2024/01/07 v24.1 The Babel package
\babel@savecnt=\count289
\U@D=\dimen164
\l@unhyphenated=\language79

(C:\Users\frabb\AppData\Local\Programs\MiKTeX\tex/generic/babel\txtbabel.def)
\bbl@readstream=\read2
\bbl@dirlevel=\count290

*************************************
* Local config file bblopts.cfg used
*
(C:\Users\frabb\AppData\Local\Programs\MiKTeX\tex/latex/arabi\bblopts.cfg
File: bblopts.cfg 2005/09/08 v0.1 add Arabic and Farsi to "declared" options of
 babel
)
(C:\Users\frabb\AppData\Local\Programs\MiKTeX\tex/latex/babel-english\english.l
df
Language: english 2017/06/06 v3.3r English support from the babel system
Package babel Info: Hyphen rules for 'canadian' set to \l@english
(babel)             (\language0). Reported on input line 102.
Package babel Info: Hyphen rules for 'australian' set to \l@ukenglish
(babel)             (\language73). Reported on input line 105.
Package babel Info: Hyphen rules for 'newzealand' set to \l@ukenglish
(babel)             (\language73). Reported on input line 108.
))
(C:\Users\frabb\AppData\Local\Programs\MiKTeX\tex/generic/babel/locale/en\babel
-english.tex
Package babel Info: Importing font and identification data for english
(babel)             from babel-en.ini. Reported on input line 11.
)
(C:\Users\frabb\AppData\Local\Programs\MiKTeX\tex/latex/makecell\makecell.sty
Package: makecell 2009/08/03 V0.1e Managing of Tab Column Heads and Cells

(C:\Users\frabb\AppData\Local\Programs\MiKTeX\tex/latex/tools\array.sty
Package: array 2023/10/16 v2.5g Tabular extension package (FMi)
\col@sep=\dimen165
\ar@mcellbox=\box53
\extrarowheight=\dimen166
\NC@list=\toks26
\extratabsurround=\skip54
\backup@length=\skip55
\ar@cellbox=\box54
)
\rotheadsize=\dimen167
\c@nlinenum=\count291
\TeXr@lab=\toks27
)
(C:\Users\frabb\AppData\Local\Programs\MiKTeX\tex/latex/caption\caption.sty
Package: caption 2023/08/05 v3.6o Customizing captions (AR)

(C:\Users\frabb\AppData\Local\Programs\MiKTeX\tex/latex/caption\caption3.sty
Package: caption3 2023/07/31 v2.4d caption3 kernel (AR)
\caption@tempdima=\dimen168
\captionmargin=\dimen169
\caption@leftmargin=\dimen170
\caption@rightmargin=\dimen171
\caption@width=\dimen172
\caption@indent=\dimen173
\caption@parindent=\dimen174
\caption@hangindent=\dimen175
Package caption Info: Standard document class detected.
)
\c@caption@flags=\count292
\c@continuedfloat=\count293
Package caption Info: hyperref package is loaded.
)
(C:\Users\frabb\AppData\Local\Programs\MiKTeX\tex/latex/listings\listings.sty
\lst@mode=\count294
\lst@gtempboxa=\box55
\lst@token=\toks28
\lst@length=\count295
\lst@currlwidth=\dimen176
\lst@column=\count296
\lst@pos=\count297
\lst@lostspace=\dimen177
\lst@width=\dimen178
\lst@newlines=\count298
\lst@lineno=\count299
\lst@maxwidth=\dimen179

(C:\Users\frabb\AppData\Local\Programs\MiKTeX\tex/latex/listings\lstmisc.sty
File: lstmisc.sty 2023/02/27 1.9 (Carsten Heinz)
\c@lstnumber=\count300
\lst@skipnumbers=\count301
\lst@framebox=\box56
)
(C:\Users\frabb\AppData\Local\Programs\MiKTeX\tex/latex/listings\listings.cfg
File: listings.cfg 2023/02/27 1.9 listings configuration
))
Package: listings 2023/02/27 1.9 (Carsten Heinz)
(C:\Users\frabb\AppData\Local\Programs\MiKTeX\tex/latex/titlesec\titlesec.sty
Package: titlesec 2023/10/27 v2.16 Sectioning titles
\ttl@box=\box57
\beforetitleunit=\skip56
\aftertitleunit=\skip57
\ttl@plus=\dimen180
\ttl@minus=\dimen181
\ttl@toksa=\toks29
\titlewidth=\dimen182
\titlewidthlast=\dimen183
\titlewidthfirst=\dimen184
)
(C:\Users\frabb\AppData\Local\Programs\MiKTeX\tex/latex/enumitem\enumitem.sty
Package: enumitem 2019/06/20 v3.9 Customized lists
\labelindent=\skip58
\enit@outerparindent=\dimen185
\enit@toks=\toks30
\enit@inbox=\box58
\enit@count@id=\count302
\enitdp@description=\count303
)
(C:\Users\frabb\AppData\Local\Programs\MiKTeX\tex/latex/xcolor\xcolor.sty
Package: xcolor 2023/11/15 v3.01 LaTeX color extensions (UK)

(C:\Users\frabb\AppData\Local\Programs\MiKTeX\tex/latex/graphics-cfg\color.cfg
File: color.cfg 2016/01/02 v1.6 sample color configuration
)
Package xcolor Info: Driver file: pdftex.def on input line 274.
(C:\Users\frabb\AppData\Local\Programs\MiKTeX\tex/latex/graphics\mathcolor.ltx)
Package xcolor Info: Model `cmy' substituted by `cmy0' on input line 1350.
Package xcolor Info: Model `hsb' substituted by `rgb' on input line 1354.
Package xcolor Info: Model `RGB' extended on input line 1366.
Package xcolor Info: Model `HTML' substituted by `rgb' on input line 1368.
Package xcolor Info: Model `Hsb' substituted by `hsb' on input line 1369.
Package xcolor Info: Model `tHsb' substituted by `hsb' on input line 1370.
Package xcolor Info: Model `HSB' substituted by `hsb' on input line 1371.
Package xcolor Info: Model `Gray' substituted by `gray' on input line 1372.
Package xcolor Info: Model `wave' substituted by `hsb' on input line 1373.
)
(C:\Users\frabb\AppData\Local\Programs\MiKTeX\tex/latex/l3backend\l3backend-pdf
tex.def
File: l3backend-pdftex.def 2024-01-04 L3 backend support: PDF output (pdfTeX)
\l__color_backend_stack_int=\count304
\l__pdf_internal_box=\box59
) (2 Ground-Truth Positioning System.aux)
\openout1 = `"2 Ground-Truth Positioning System.aux"'.

LaTeX Font Info:    Checking defaults for OML/cmm/m/it on input line 83.
LaTeX Font Info:    ... okay on input line 83.
LaTeX Font Info:    Checking defaults for OMS/cmsy/m/n on input line 83.
LaTeX Font Info:    ... okay on input line 83.
LaTeX Font Info:    Checking defaults for OT1/cmr/m/n on input line 83.
LaTeX Font Info:    ... okay on input line 83.
LaTeX Font Info:    Checking defaults for T1/cmr/m/n on input line 83.
LaTeX Font Info:    ... okay on input line 83.
LaTeX Font Info:    Checking defaults for TS1/cmr/m/n on input line 83.
LaTeX Font Info:    ... okay on input line 83.
LaTeX Font Info:    Checking defaults for OMX/cmex/m/n on input line 83.
LaTeX Font Info:    ... okay on input line 83.
LaTeX Font Info:    Checking defaults for U/cmr/m/n on input line 83.
LaTeX Font Info:    ... okay on input line 83.
LaTeX Font Info:    Checking defaults for PD1/pdf/m/n on input line 83.
LaTeX Font Info:    ... okay on input line 83.
LaTeX Font Info:    Checking defaults for PU/pdf/m/n on input line 83.
LaTeX Font Info:    ... okay on input line 83.

(C:\Users\frabb\AppData\Local\Programs\MiKTeX\tex/context/base/mkii\supp-pdf.mk
ii
[Loading MPS to PDF converter (version 2006.09.02).]
\scratchcounter=\count305
\scratchdimen=\dimen186
\scratchbox=\box60
\nofMPsegments=\count306
\nofMParguments=\count307
\everyMPshowfont=\toks31
\MPscratchCnt=\count308
\MPscratchDim=\dimen187
\MPnumerator=\count309
\makeMPintoPDFobject=\count310
\everyMPtoPDFconversion=\toks32
)
(C:\Users\frabb\AppData\Local\Programs\MiKTeX\tex/latex/epstopdf-pkg\epstopdf-b
ase.sty
Package: epstopdf-base 2020-01-24 v2.11 Base part for package epstopdf
Package epstopdf-base Info: Redefining graphics rule for `.eps' on input line 4
85.

(C:\Users\frabb\AppData\Local\Programs\MiKTeX\tex/latex/00miktex\epstopdf-sys.c
fg
File: epstopdf-sys.cfg 2021/03/18 v2.0 Configuration of epstopdf for MiKTeX
))
*geometry* driver: auto-detecting
*geometry* detected driver: pdftex
*geometry* verbose mode - [ preamble ] result:
* driver: pdftex
* paper: a4paper
* layout: <same size as paper>
* layoutoffset:(h,v)=(0.0pt,0.0pt)
* modes: 
* h-part:(L,W,R)=(108.405pt, 416.83289pt, 72.26999pt)
* v-part:(T,H,B)=(72.26999pt, 700.50687pt, 72.26999pt)
* \paperwidth=597.50787pt
* \paperheight=845.04684pt
* \textwidth=416.83289pt
* \textheight=700.50687pt
* \oddsidemargin=36.13501pt
* \evensidemargin=36.13501pt
* \topmargin=-37.0pt
* \headheight=12.0pt
* \headsep=25.0pt
* \topskip=12.0pt
* \footskip=30.0pt
* \marginparwidth=35.0pt
* \marginparsep=10.0pt
* \columnsep=10.0pt
* \skip\footins=10.8pt plus 4.0pt minus 2.0pt
* \hoffset=0.0pt
* \voffset=0.0pt
* \mag=1000
* \@twocolumnfalse
* \@twosidefalse
* \@mparswitchfalse
* \@reversemarginfalse
* (1in=72.27pt=25.4mm, 1cm=28.453pt)

Package hyperref Info: Link coloring OFF on input line 83.
(2 Ground-Truth Positioning System.out) (2 Ground-Truth Positioning System.out)
\@outlinefile=\write3
\openout3 = `"2 Ground-Truth Positioning System.out"'.

Package caption Info: Begin \AtBeginDocument code.
Package caption Info: listings package is loaded.
Package caption Info: End \AtBeginDocument code.
\c@lstlisting=\count311
Chapter 2.
<C:/Users/frabb/OneDrive - Cal Poly/Documents (Cloud)/0 CALPOLY/000Thesis/Chapt
ers/Images/nasassp.jpg, id=77, 250.68657pt x 658.71094pt>
File: C:/Users/frabb/OneDrive - Cal Poly/Documents (Cloud)/0 CALPOLY/000Thesis/
Chapters/Images/nasassp.jpg Graphic file (type jpg)
<use C:/Users/frabb/OneDrive - Cal Poly/Documents (Cloud)/0 CALPOLY/000Thesis/C
hapters/Images/nasassp.jpg>
Package pdftex.def Info: C:/Users/frabb/OneDrive - Cal Poly/Documents (Cloud)/0
 CALPOLY/000Thesis/Chapters/Images/nasassp.jpg  used on input line 95.
(pdftex.def)             Requested size: 208.41644pt x 547.66469pt.
<C:/Users/frabb/OneDrive - Cal Poly/Documents (Cloud)/0 CALPOLY/000Thesis/Chapt
ers/Images/goughplatform.jpg, id=82, 234.1247pt x 295.1025pt>
File: C:/Users/frabb/OneDrive - Cal Poly/Documents (Cloud)/0 CALPOLY/000Thesis/
Chapters/Images/goughplatform.jpg Graphic file (type jpg)
<use C:/Users/frabb/OneDrive - Cal Poly/Documents (Cloud)/0 CALPOLY/000Thesis/C
hapters/Images/goughplatform.jpg>
Package pdftex.def Info: C:/Users/frabb/OneDrive - Cal Poly/Documents (Cloud)/0
 CALPOLY/000Thesis/Chapters/Images/goughplatform.jpg  used on input line 105.
(pdftex.def)             Requested size: 208.41644pt x 262.71243pt.
[1


{C:/Users/frabb/AppData/Local/MiKTeX/fonts/map/pdftex/pdftex.map}] [2 <C:/Users
/frabb/OneDrive - Cal Poly/Documents (Cloud)/0 CALPOLY/000Thesis/Chapters/Image
s/nasassp.jpg>]
<C:/Users/frabb/OneDrive - Cal Poly/Documents (Cloud)/0 CALPOLY/000Thesis/Chapt
ers/Images/stewartOG.jpg, id=102, 365.11406pt x 295.1025pt>
File: C:/Users/frabb/OneDrive - Cal Poly/Documents (Cloud)/0 CALPOLY/000Thesis/
Chapters/Images/stewartOG.jpg Graphic file (type jpg)
<use C:/Users/frabb/OneDrive - Cal Poly/Documents (Cloud)/0 CALPOLY/000Thesis/C
hapters/Images/stewartOG.jpg>
Package pdftex.def Info: C:/Users/frabb/OneDrive - Cal Poly/Documents (Cloud)/0
 CALPOLY/000Thesis/Chapters/Images/stewartOG.jpg  used on input line 115.
(pdftex.def)             Requested size: 208.41644pt x 168.45331pt.
<C:/Users/frabb/OneDrive - Cal Poly/Documents (Cloud)/0 CALPOLY/000Thesis/Chapt
ers/Images/cappelplatform.jpg, id=107, 246.9225pt x 292.84406pt>
File: C:/Users/frabb/OneDrive - Cal Poly/Documents (Cloud)/0 CALPOLY/000Thesis/
Chapters/Images/cappelplatform.jpg Graphic file (type jpg)
<use C:/Users/frabb/OneDrive - Cal Poly/Documents (Cloud)/0 CALPOLY/000Thesis/C
hapters/Images/cappelplatform.jpg>
Package pdftex.def Info: C:/Users/frabb/OneDrive - Cal Poly/Documents (Cloud)/0
 CALPOLY/000Thesis/Chapters/Images/cappelplatform.jpg  used on input line 124.
(pdftex.def)             Requested size: 208.41644pt x 247.17593pt.
 [3 <C:/Users/frabb/OneDrive - Cal Poly/Documents (Cloud)/0 CALPOLY/000Thesis/C
hapters/Images/goughplatform.jpg> <C:/Users/frabb/OneDrive - Cal Poly/Documents
 (Cloud)/0 CALPOLY/000Thesis/Chapters/Images/stewartOG.jpg>]
<C:/Users/frabb/OneDrive - Cal Poly/Documents (Cloud)/0 CALPOLY/000Thesis/Chapt
ers/Images/deepRL.jpg, id=120, 334.24875pt x 295.85532pt>
File: C:/Users/frabb/OneDrive - Cal Poly/Documents (Cloud)/0 CALPOLY/000Thesis/
Chapters/Images/deepRL.jpg Graphic file (type jpg)
<use C:/Users/frabb/OneDrive - Cal Poly/Documents (Cloud)/0 CALPOLY/000Thesis/C
hapters/Images/deepRL.jpg>
Package pdftex.def Info: C:/Users/frabb/OneDrive - Cal Poly/Documents (Cloud)/0
 CALPOLY/000Thesis/Chapters/Images/deepRL.jpg  used on input line 136.
(pdftex.def)             Requested size: 208.41644pt x 184.48024pt.

[4 <C:/Users/frabb/OneDrive - Cal Poly/Documents (Cloud)/0 CALPOLY/000Thesis/Ch
apters/Images/cappelplatform.jpg> <C:/Users/frabb/OneDrive - Cal Poly/Documents
 (Cloud)/0 CALPOLY/000Thesis/Chapters/Images/deepRL.jpg>] [5]
LaTeX Font Info:    Trying to load font information for U+msa on input line 185
.

(C:\Users\frabb\AppData\Local\Programs\MiKTeX\tex/latex/amsfonts\umsa.fd
File: umsa.fd 2013/01/14 v3.01 AMS symbols A
)
LaTeX Font Info:    Trying to load font information for U+msb on input line 185
.

(C:\Users\frabb\AppData\Local\Programs\MiKTeX\tex/latex/amsfonts\umsb.fd
File: umsb.fd 2013/01/14 v3.01 AMS symbols B
)
<C:/Users/frabb/OneDrive - Cal Poly/Documents (Cloud)/0 CALPOLY/000Thesis/Chapt
ers/Images/nicplatform.jpg, id=148, 275.52937pt x 304.88907pt>
File: C:/Users/frabb/OneDrive - Cal Poly/Documents (Cloud)/0 CALPOLY/000Thesis/
Chapters/Images/nicplatform.jpg Graphic file (type jpg)
<use C:/Users/frabb/OneDrive - Cal Poly/Documents (Cloud)/0 CALPOLY/000Thesis/C
hapters/Images/nicplatform.jpg>
Package pdftex.def Info: C:/Users/frabb/OneDrive - Cal Poly/Documents (Cloud)/0
 CALPOLY/000Thesis/Chapters/Images/nicplatform.jpg  used on input line 213.
(pdftex.def)             Requested size: 208.41644pt x 230.63412pt.
<C:/Users/frabb/OneDrive - Cal Poly/Documents (Cloud)/0 CALPOLY/000Thesis/Chapt
ers/Images/nicplatform2.jpg, id=151, 583.42969pt x 258.9675pt>
File: C:/Users/frabb/OneDrive - Cal Poly/Documents (Cloud)/0 CALPOLY/000Thesis/
Chapters/Images/nicplatform2.jpg Graphic file (type jpg)
<use C:/Users/frabb/OneDrive - Cal Poly/Documents (Cloud)/0 CALPOLY/000Thesis/C
hapters/Images/nicplatform2.jpg>
Package pdftex.def Info: C:/Users/frabb/OneDrive - Cal Poly/Documents (Cloud)/0
 CALPOLY/000Thesis/Chapters/Images/nicplatform2.jpg  used on input line 220.
(pdftex.def)             Requested size: 416.83289pt x 185.02599pt.

[6] [7 <C:/Users/frabb/OneDrive - Cal Poly/Documents (Cloud)/0 CALPOLY/000Thesi
s/Chapters/Images/nicplatform.jpg> <C:/Users/frabb/OneDrive - Cal Poly/Document
s (Cloud)/0 CALPOLY/000Thesis/Chapters/Images/nicplatform2.jpg>]
<C:/Users/frabb/OneDrive - Cal Poly/Documents (Cloud)/0 CALPOLY/000Thesis/Chapt
ers/Images/firstbase.jpg, id=173, 246.1697pt x 200.24812pt>
File: C:/Users/frabb/OneDrive - Cal Poly/Documents (Cloud)/0 CALPOLY/000Thesis/
Chapters/Images/firstbase.jpg Graphic file (type jpg)
<use C:/Users/frabb/OneDrive - Cal Poly/Documents (Cloud)/0 CALPOLY/000Thesis/C
hapters/Images/firstbase.jpg>
Package pdftex.def Info: C:/Users/frabb/OneDrive - Cal Poly/Documents (Cloud)/0
 CALPOLY/000Thesis/Chapters/Images/firstbase.jpg  used on input line 231.
(pdftex.def)             Requested size: 208.41644pt x 169.5456pt.
<C:/Users/frabb/OneDrive - Cal Poly/Documents (Cloud)/0 CALPOLY/000Thesis/Chapt
ers/Images/secondbase.jpg, id=174, 249.93375pt x 197.98969pt>
File: C:/Users/frabb/OneDrive - Cal Poly/Documents (Cloud)/0 CALPOLY/000Thesis/
Chapters/Images/secondbase.jpg Graphic file (type jpg)
<use C:/Users/frabb/OneDrive - Cal Poly/Documents (Cloud)/0 CALPOLY/000Thesis/C
hapters/Images/secondbase.jpg>
Package pdftex.def Info: C:/Users/frabb/OneDrive - Cal Poly/Documents (Cloud)/0
 CALPOLY/000Thesis/Chapters/Images/secondbase.jpg  used on input line 238.
(pdftex.def)             Requested size: 208.41644pt x 165.1078pt.
<C:/Users/frabb/OneDrive - Cal Poly/Documents (Cloud)/0 CALPOLY/000Thesis/Chapt
ers/Images/thirdbase.jpg, id=175, 249.18094pt x 207.02344pt>
File: C:/Users/frabb/OneDrive - Cal Poly/Documents (Cloud)/0 CALPOLY/000Thesis/
Chapters/Images/thirdbase.jpg Graphic file (type jpg)
<use C:/Users/frabb/OneDrive - Cal Poly/Documents (Cloud)/0 CALPOLY/000Thesis/C
hapters/Images/thirdbase.jpg>
Package pdftex.def Info: C:/Users/frabb/OneDrive - Cal Poly/Documents (Cloud)/0
 CALPOLY/000Thesis/Chapters/Images/thirdbase.jpg  used on input line 245.
(pdftex.def)             Requested size: 208.41644pt x 173.1593pt.
<C:/Users/frabb/OneDrive - Cal Poly/Documents (Cloud)/0 CALPOLY/000Thesis/Chapt
ers/Images/midbase.jpg, id=176, 247.67531pt x 202.50656pt>
File: C:/Users/frabb/OneDrive - Cal Poly/Documents (Cloud)/0 CALPOLY/000Thesis/
Chapters/Images/midbase.jpg Graphic file (type jpg)
<use C:/Users/frabb/OneDrive - Cal Poly/Documents (Cloud)/0 CALPOLY/000Thesis/C
hapters/Images/midbase.jpg>
Package pdftex.def Info: C:/Users/frabb/OneDrive - Cal Poly/Documents (Cloud)/0
 CALPOLY/000Thesis/Chapters/Images/midbase.jpg  used on input line 252.
(pdftex.def)             Requested size: 208.41644pt x 170.40715pt.
<C:/Users/frabb/OneDrive - Cal Poly/Documents (Cloud)/0 CALPOLY/000Thesis/Chapt
ers/Images/endplate.jpg, id=177, 255.95625pt x 219.82124pt>
File: C:/Users/frabb/OneDrive - Cal Poly/Documents (Cloud)/0 CALPOLY/000Thesis/
Chapters/Images/endplate.jpg Graphic file (type jpg)
<use C:/Users/frabb/OneDrive - Cal Poly/Documents (Cloud)/0 CALPOLY/000Thesis/C
hapters/Images/endplate.jpg>
Package pdftex.def Info: C:/Users/frabb/OneDrive - Cal Poly/Documents (Cloud)/0
 CALPOLY/000Thesis/Chapters/Images/endplate.jpg  used on input line 259.
(pdftex.def)             Requested size: 208.41644pt x 178.9934pt.
<C:/Users/frabb/OneDrive - Cal Poly/Documents (Cloud)/0 CALPOLY/000Thesis/Chapt
ers/Images/secondplatstack.jpg, id=178, 210.7875pt x 297.36093pt>
File: C:/Users/frabb/OneDrive - Cal Poly/Documents (Cloud)/0 CALPOLY/000Thesis/
Chapters/Images/secondplatstack.jpg Graphic file (type jpg)
<use C:/Users/frabb/OneDrive - Cal Poly/Documents (Cloud)/0 CALPOLY/000Thesis/C
hapters/Images/secondplatstack.jpg>
Package pdftex.def Info: C:/Users/frabb/OneDrive - Cal Poly/Documents (Cloud)/0
 CALPOLY/000Thesis/Chapters/Images/secondplatstack.jpg  used on input line 266.

(pdftex.def)             Requested size: 208.41644pt x 294.02069pt.
 [8 <C:/Users/frabb/OneDrive - Cal Poly/Documents (Cloud)/0 CALPOLY/000Thesis/C
hapters/Images/firstbase.jpg> <C:/Users/frabb/OneDrive - Cal Poly/Documents (Cl
oud)/0 CALPOLY/000Thesis/Chapters/Images/secondbase.jpg>] [9 <C:/Users/frabb/On
eDrive - Cal Poly/Documents (Cloud)/0 CALPOLY/000Thesis/Chapters/Images/thirdba
se.jpg> <C:/Users/frabb/OneDrive - Cal Poly/Documents (Cloud)/0 CALPOLY/000Thes
is/Chapters/Images/midbase.jpg> <C:/Users/frabb/OneDrive - Cal Poly/Documents (
Cloud)/0 CALPOLY/000Thesis/Chapters/Images/endplate.jpg>]
<C:/Users/frabb/OneDrive - Cal Poly/Documents (Cloud)/0 CALPOLY/000Thesis/Chapt
ers/Images/rawpca.jpg, id=195, 273.27094pt x 227.34938pt>
File: C:/Users/frabb/OneDrive - Cal Poly/Documents (Cloud)/0 CALPOLY/000Thesis/
Chapters/Images/rawpca.jpg Graphic file (type jpg)
<use C:/Users/frabb/OneDrive - Cal Poly/Documents (Cloud)/0 CALPOLY/000Thesis/C
hapters/Images/rawpca.jpg>
Package pdftex.def Info: C:/Users/frabb/OneDrive - Cal Poly/Documents (Cloud)/0
 CALPOLY/000Thesis/Chapters/Images/rawpca.jpg  used on input line 275.
(pdftex.def)             Requested size: 208.41644pt x 173.3944pt.

Overfull \hbox (23.22005pt too wide) in paragraph at lines 286--339
 [][] 
 []

[10 <C:/Users/frabb/OneDrive - Cal Poly/Documents (Cloud)/0 CALPOLY/000Thesis/C
hapters/Images/secondplatstack.jpg> <C:/Users/frabb/OneDrive - Cal Poly/Documen
ts (Cloud)/0 CALPOLY/000Thesis/Chapters/Images/rawpca.jpg>] [11]
<C:/Users/frabb/OneDrive - Cal Poly/Documents (Cloud)/0 CALPOLY/000Thesis/Chapt
ers/Images/hexparams.jpg, id=210, 534.49687pt x 755.07094pt>
File: C:/Users/frabb/OneDrive - Cal Poly/Documents (Cloud)/0 CALPOLY/000Thesis/
Chapters/Images/hexparams.jpg Graphic file (type jpg)
<use C:/Users/frabb/OneDrive - Cal Poly/Documents (Cloud)/0 CALPOLY/000Thesis/C
hapters/Images/hexparams.jpg>
Package pdftex.def Info: C:/Users/frabb/OneDrive - Cal Poly/Documents (Cloud)/0
 CALPOLY/000Thesis/Chapters/Images/hexparams.jpg  used on input line 374.
(pdftex.def)             Requested size: 375.14705pt x 529.98624pt.
 [12] [13 <C:/Users/frabb/OneDrive - Cal Poly/Documents (Cloud)/0 CALPOLY/000Th
esis/Chapters/Images/hexparams.jpg>]
<C:/Users/frabb/OneDrive - Cal Poly/Documents (Cloud)/0 CALPOLY/000Thesis/Chapt
ers/Images/servotiming.jpg, id=225, 542.77782pt x 344.03531pt>
File: C:/Users/frabb/OneDrive - Cal Poly/Documents (Cloud)/0 CALPOLY/000Thesis/
Chapters/Images/servotiming.jpg Graphic file (type jpg)
<use C:/Users/frabb/OneDrive - Cal Poly/Documents (Cloud)/0 CALPOLY/000Thesis/C
hapters/Images/servotiming.jpg>
Package pdftex.def Info: C:/Users/frabb/OneDrive - Cal Poly/Documents (Cloud)/0
 CALPOLY/000Thesis/Chapters/Images/servotiming.jpg  used on input line 387.
(pdftex.def)             Requested size: 375.14705pt x 237.79408pt.
 [14 <C:/Users/frabb/OneDrive - Cal Poly/Documents (Cloud)/0 CALPOLY/000Thesis/
Chapters/Images/servotiming.jpg>]
<C:/Users/frabb/OneDrive - Cal Poly/Documents (Cloud)/0 CALPOLY/000Thesis/Chapt
ers/Images/i2cwiring.jpg, id=238, 587.94656pt x 240.9pt>
File: C:/Users/frabb/OneDrive - Cal Poly/Documents (Cloud)/0 CALPOLY/000Thesis/
Chapters/Images/i2cwiring.jpg Graphic file (type jpg)
<use C:/Users/frabb/OneDrive - Cal Poly/Documents (Cloud)/0 CALPOLY/000Thesis/C
hapters/Images/i2cwiring.jpg>
Package pdftex.def Info: C:/Users/frabb/OneDrive - Cal Poly/Documents (Cloud)/0
 CALPOLY/000Thesis/Chapters/Images/i2cwiring.jpg  used on input line 398.
(pdftex.def)             Requested size: 375.14705pt x 153.70863pt.
<C:/Users/frabb/OneDrive - Cal Poly/Documents (Cloud)/0 CALPOLY/000Thesis/Chapt
ers/Images/foshipwiring.jpg, id=242, 581.92406pt x 531.48563pt>
File: C:/Users/frabb/OneDrive - Cal Poly/Documents (Cloud)/0 CALPOLY/000Thesis/
Chapters/Images/foshipwiring.jpg Graphic file (type jpg)
<use C:/Users/frabb/OneDrive - Cal Poly/Documents (Cloud)/0 CALPOLY/000Thesis/C
hapters/Images/foshipwiring.jpg>
Package pdftex.def Info: C:/Users/frabb/OneDrive - Cal Poly/Documents (Cloud)/0
 CALPOLY/000Thesis/Chapters/Images/foshipwiring.jpg  used on input line 407.
(pdftex.def)             Requested size: 375.14705pt x 342.63934pt.
<C:/Users/frabb/OneDrive - Cal Poly/Documents (Cloud)/0 CALPOLY/000Thesis/Chapt
ers/Images/woodenbase.jpg, id=245, 350.81062pt x 277.78781pt>
File: C:/Users/frabb/OneDrive - Cal Poly/Documents (Cloud)/0 CALPOLY/000Thesis/
Chapters/Images/woodenbase.jpg Graphic file (type jpg)
<use C:/Users/frabb/OneDrive - Cal Poly/Documents (Cloud)/0 CALPOLY/000Thesis/C
hapters/Images/woodenbase.jpg>
Package pdftex.def Info: C:/Users/frabb/OneDrive - Cal Poly/Documents (Cloud)/0
 CALPOLY/000Thesis/Chapters/Images/woodenbase.jpg  used on input line 419.
(pdftex.def)             Requested size: 375.14705pt x 297.08163pt.
 [15 <C:/Users/frabb/OneDrive - Cal Poly/Documents (Cloud)/0 CALPOLY/000Thesis/
Chapters/Images/i2cwiring.jpg>] [16 <C:/Users/frabb/OneDrive - Cal Poly/Documen
ts (Cloud)/0 CALPOLY/000Thesis/Chapters/Images/foshipwiring.jpg> <C:/Users/frab
b/OneDrive - Cal Poly/Documents (Cloud)/0 CALPOLY/000Thesis/Chapters/Images/woo
denbase.jpg>]
<C:/Users/frabb/OneDrive - Cal Poly/Documents (Cloud)/0 CALPOLY/000Thesis/Chapt
ers/Images/firsttwoplat.jpg, id=259, 271.0125pt x 365.86688pt>
File: C:/Users/frabb/OneDrive - Cal Poly/Documents (Cloud)/0 CALPOLY/000Thesis/
Chapters/Images/firsttwoplat.jpg Graphic file (type jpg)
<use C:/Users/frabb/OneDrive - Cal Poly/Documents (Cloud)/0 CALPOLY/000Thesis/C
hapters/Images/firsttwoplat.jpg>
Package pdftex.def Info: C:/Users/frabb/OneDrive - Cal Poly/Documents (Cloud)/0
 CALPOLY/000Thesis/Chapters/Images/firsttwoplat.jpg  used on input line 434.
(pdftex.def)             Requested size: 375.14705pt x 506.46556pt.
<C:/Users/frabb/OneDrive - Cal Poly/Documents (Cloud)/0 CALPOLY/000Thesis/Chapt
ers/Images/fullplats.jpg, id=262, 328.97906pt x 439.6425pt>
File: C:/Users/frabb/OneDrive - Cal Poly/Documents (Cloud)/0 CALPOLY/000Thesis/
Chapters/Images/fullplats.jpg Graphic file (type jpg)
<use C:/Users/frabb/OneDrive - Cal Poly/Documents (Cloud)/0 CALPOLY/000Thesis/C
hapters/Images/fullplats.jpg>
Package pdftex.def Info: C:/Users/frabb/OneDrive - Cal Poly/Documents (Cloud)/0
 CALPOLY/000Thesis/Chapters/Images/fullplats.jpg  used on input line 445.
(pdftex.def)             Requested size: 375.14705pt x 501.35194pt.
 [17]
[18 <C:/Users/frabb/OneDrive - Cal Poly/Documents (Cloud)/0 CALPOLY/000Thesis/C
hapters/Images/firsttwoplat.jpg>] [19 <C:/Users/frabb/OneDrive - Cal Poly/Docum
ents (Cloud)/0 CALPOLY/000Thesis/Chapters/Images/fullplats.jpg>]
Overfull \hbox (10.29793pt too wide) in paragraph at lines 457--458
\OT1/cmr/m/n/12 The Fo-SHIP uses a few cus-tom structs for its data pro-cess-in
g. First, [][]\OT1/cmtt/m/n/12 calibration_t
 []

(C:\Users\frabb\AppData\Local\Programs\MiKTeX\tex/latex/listings\lstlang1.sty
File: lstlang1.sty 2023/02/27 1.9 listings language file
)
(C:\Users\frabb\AppData\Local\Programs\MiKTeX\tex/latex/listings\lstlang1.sty
File: lstlang1.sty 2023/02/27 1.9 listings language file
)
(C:\Users\frabb\AppData\Local\Programs\MiKTeX\tex/latex/listings\lstmisc.sty
File: lstmisc.sty 2023/02/27 1.9 (Carsten Heinz)
)
[20] [21]
<C:/Users/frabb/OneDrive - Cal Poly/Documents (Cloud)/0 CALPOLY/000Thesis/Chapt
ers/Images/foshipfsm.jpg, id=322, 570.63188pt x 292.84406pt>
File: C:/Users/frabb/OneDrive - Cal Poly/Documents (Cloud)/0 CALPOLY/000Thesis/
Chapters/Images/foshipfsm.jpg Graphic file (type jpg)
<use C:/Users/frabb/OneDrive - Cal Poly/Documents (Cloud)/0 CALPOLY/000Thesis/C
hapters/Images/foshipfsm.jpg>
Package pdftex.def Info: C:/Users/frabb/OneDrive - Cal Poly/Documents (Cloud)/0
 CALPOLY/000Thesis/Chapters/Images/foshipfsm.jpg  used on input line 540.
(pdftex.def)             Requested size: 375.14705pt x 192.5225pt.
 [22 <C:/Users/frabb/OneDrive - Cal Poly/Documents (Cloud)/0 CALPOLY/000Thesis/
Chapters/Images/foshipfsm.jpg>] [23] [24] [25] [26] [27]
<C:/Users/frabb/OneDrive - Cal Poly/Documents (Cloud)/0 CALPOLY/000Thesis/Chapt
ers/Images/forwardkine.jpg, id=527, 523.9575pt x 749.80125pt>
File: C:/Users/frabb/OneDrive - Cal Poly/Documents (Cloud)/0 CALPOLY/000Thesis/
Chapters/Images/forwardkine.jpg Graphic file (type jpg)
<use C:/Users/frabb/OneDrive - Cal Poly/Documents (Cloud)/0 CALPOLY/000Thesis/C
hapters/Images/forwardkine.jpg>
Package pdftex.def Info: C:/Users/frabb/OneDrive - Cal Poly/Documents (Cloud)/0
 CALPOLY/000Thesis/Chapters/Images/forwardkine.jpg  used on input line 787.
(pdftex.def)             Requested size: 375.14705pt x 536.85895pt.
 [28] [29 <C:/Users/frabb/OneDrive - Cal Poly/Documents (Cloud)/0 CALPOLY/000Th
esis/Chapters/Images/forwardkine.jpg>] [30] [31] [32] [33] [34]
<C:/Users/frabb/OneDrive - Cal Poly/Documents (Cloud)/0 CALPOLY/000Thesis/Chapt
ers/Images/gaugedrawing.jpg, id=713, 456.20438pt x 342.5297pt>
File: C:/Users/frabb/OneDrive - Cal Poly/Documents (Cloud)/0 CALPOLY/000Thesis/
Chapters/Images/gaugedrawing.jpg Graphic file (type jpg)
<use C:/Users/frabb/OneDrive - Cal Poly/Documents (Cloud)/0 CALPOLY/000Thesis/C
hapters/Images/gaugedrawing.jpg>
Package pdftex.def Info: C:/Users/frabb/OneDrive - Cal Poly/Documents (Cloud)/0
 CALPOLY/000Thesis/Chapters/Images/gaugedrawing.jpg  used on input line 1081.
(pdftex.def)             Requested size: 375.14705pt x 281.67583pt.
<C:/Users/frabb/OneDrive - Cal Poly/Documents (Cloud)/0 CALPOLY/000Thesis/Chapt
ers/Images/mill.jpg, id=714, 456.95718pt x 342.5297pt>
File: C:/Users/frabb/OneDrive - Cal Poly/Documents (Cloud)/0 CALPOLY/000Thesis/
Chapters/Images/mill.jpg Graphic file (type jpg)
<use C:/Users/frabb/OneDrive - Cal Poly/Documents (Cloud)/0 CALPOLY/000Thesis/C
hapters/Images/mill.jpg>
Package pdftex.def Info: C:/Users/frabb/OneDrive - Cal Poly/Documents (Cloud)/0
 CALPOLY/000Thesis/Chapters/Images/mill.jpg  used on input line 1088.
(pdftex.def)             Requested size: 375.14705pt x 281.2159pt.
 [35] [36 <C:/Users/frabb/OneDrive - Cal Poly/Documents (Cloud)/0 CALPOLY/000Th
esis/Chapters/Images/gaugedrawing.jpg> <C:/Users/frabb/OneDrive - Cal Poly/Docu
ments (Cloud)/0 CALPOLY/000Thesis/Chapters/Images/mill.jpg>]
<C:/Users/frabb/OneDrive - Cal Poly/Documents (Cloud)/0 CALPOLY/000Thesis/Chapt
ers/Images/misalign.jpg, id=744, 306.39468pt x 255.95625pt>
File: C:/Users/frabb/OneDrive - Cal Poly/Documents (Cloud)/0 CALPOLY/000Thesis/
Chapters/Images/misalign.jpg Graphic file (type jpg)
<use C:/Users/frabb/OneDrive - Cal Poly/Documents (Cloud)/0 CALPOLY/000Thesis/C
hapters/Images/misalign.jpg>
Package pdftex.def Info: C:/Users/frabb/OneDrive - Cal Poly/Documents (Cloud)/0
 CALPOLY/000Thesis/Chapters/Images/misalign.jpg  used on input line 1108.
(pdftex.def)             Requested size: 375.14705pt x 313.40659pt.
 [37 <C:/Users/frabb/OneDrive - Cal Poly/Documents (Cloud)/0 CALPOLY/000Thesis/
Chapters/Images/misalign.jpg>]
Overfull \hbox (16.90543pt too wide) in paragraph at lines 1165--1186
 [][] 
 []

[38] (2 Ground-Truth Positioning System.bbl [39]
Underfull \hbox (badness 10000) in paragraph at lines 29--31
[]\OT1/cmr/m/n/12 I. Bonev, ``The true ori-gins of par-al-lel robots,''
 []


Underfull \hbox (badness 10000) in paragraph at lines 43--46
[]\OT1/cmr/m/n/12 W. M. Group, ``The math-e-mat-ics of the stew-art plat-form,'
'
 []


Overfull \hbox (90.17018pt too wide) in paragraph at lines 43--46
[]$\OT1/cmr/m/n/12 h$[]ttps://web.archive.org/web/20130506134518/http://www.wok
inghamu3a.org.uk/Maths2013. 
 []


Underfull \hbox (badness 10000) in paragraph at lines 48--50
[]\OT1/cmr/m/n/12 R. Ajna and T. Her-san, ``Stew-art plat-form math,''
 []


Underfull \hbox (badness 8151) in paragraph at lines 52--54
[]\OT1/cmr/m/n/12 N. Jean-monod, ``Plate-forme de stew-art pi-lot^^See avec un 
esp32,''
 []


Underfull \hbox (badness 6893) in paragraph at lines 60--62
[]\OT1/cmr/m/n/12 FormFutura, ``Pla vs petg { which fil-a-ment is right for me?
''
 []


Underfull \hbox (badness 10000) in paragraph at lines 68--71
[]\OT1/cmr/m/n/12 R. Win-ters, ``How servo mo-tors work,''
 []


Underfull \hbox (badness 10000) in paragraph at lines 68--71
[]$\OT1/cmr/m/n/12 h$[]ttps://www.jameco.com/Jameco/workshop/Howitworks/how-ser
vo-
 []


Overfull \hbox (11.99332pt too wide) in paragraph at lines 73--75
[]\OT1/cmr/m/n/12 J. Wu, ``A ba-sic guide to i2c,'' []$h$[]ttps://www.ti.com/li
t/an/sbaa565/sbaa565.pdf,
 []

) [40

] (2 Ground-Truth Positioning System.aux)
 ***********
LaTeX2e <2023-11-01> patch level 1
L3 programming layer <2024-01-04>
 ***********
Package rerunfilecheck Info: File `"2 Ground-Truth Positioning System".out' has
 not changed.
(rerunfilecheck)             Checksum: 2841A731BADB523FF5159453B6448464;3789.
 ) 
Here is how much of TeX's memory you used:
 18717 strings out of 474485
 322578 string characters out of 5743734
 2295542 words of memory out of 5000000
 40310 multiletter control sequences out of 15000+600000
 565859 words of font info for 65 fonts, out of 8000000 for 9000
 1141 hyphenation exceptions out of 8191
 75i,17n,79p,1054b,2033s stack positions out of 10000i,1000n,20000p,200000b,200000s
 <C:\Users\frabb\AppData\Local\MiKTeX\fonts/pk/ljfour/jknappen/ec/dpi600\tcrm
1200.pk><C:/Users/frabb/AppData/Local/Programs/MiKTeX/fonts/type1/public/amsfon
ts/cm/cmbx12.pfb><C:/Users/frabb/AppData/Local/Programs/MiKTeX/fonts/type1/publ
ic/amsfonts/cm/cmmi12.pfb><C:/Users/frabb/AppData/Local/Programs/MiKTeX/fonts/t
ype1/public/amsfonts/cm/cmmi8.pfb><C:/Users/frabb/AppData/Local/Programs/MiKTeX
/fonts/type1/public/amsfonts/cm/cmr12.pfb><C:/Users/frabb/AppData/Local/Program
s/MiKTeX/fonts/type1/public/amsfonts/cm/cmr6.pfb><C:/Users/frabb/AppData/Local/
Programs/MiKTeX/fonts/type1/public/amsfonts/cm/cmr8.pfb><C:/Users/frabb/AppData
/Local/Programs/MiKTeX/fonts/type1/public/amsfonts/cm/cmsy10.pfb><C:/Users/frab
b/AppData/Local/Programs/MiKTeX/fonts/type1/public/amsfonts/cm/cmti12.pfb><C:/U
sers/frabb/AppData/Local/Programs/MiKTeX/fonts/type1/public/amsfonts/cm/cmtt10.
pfb><C:/Users/frabb/AppData/Local/Programs/MiKTeX/fonts/type1/public/amsfonts/c
m/cmtt12.pfb>
Output written on "2 Ground-Truth Positioning System.pdf" (40 pages, 1333629 by
tes).
PDF statistics:
 958 PDF objects out of 1000 (max. 8388607)
 501 named destinations out of 1000 (max. 500000)
 275 words of extra memory for PDF output out of 10000 (max. 10000000)

