\BOOKMARK [0][-]{chapter.3}{\376\377\000A\000c\000o\000u\000s\000t\000i\000c\000\040\000P\000o\000s\000i\000t\000i\000o\000n\000i\000n\000g\000\040\000S\000y\000s\000t\000e\000m}{}% 1
\BOOKMARK [1][-]{section.3.1}{\376\377\000P\000r\000e\000v\000i\000o\000u\000s\000\040\000W\000o\000r\000k\000s}{chapter.3}% 2
\BOOKMARK [2][-]{subsection.3.1.1}{\376\377\000H\000i\000s\000t\000o\000r\000y\000\040\000o\000f\000\040\000A\000c\000o\000u\000s\000t\000i\000c\000\040\000P\000o\000s\000i\000t\000i\000o\000n\000i\000n\000g\000\040\000S\000y\000s\000t\000e\000m\000s}{section.3.1}% 3
\BOOKMARK [2][-]{subsection.3.1.2}{\376\377\000L\000o\000n\000g\000,\000\040\000S\000h\000o\000r\000t\000,\000\040\000U\000l\000t\000r\000a\000s\000h\000o\000r\000t\000,\000\040\000a\000n\000d\000\040\000I\000n\000v\000e\000r\000t\000e\000d\000\040\000B\000a\000s\000e\000l\000i\000n\000e\000s}{section.3.1}% 4
\BOOKMARK [2][-]{subsection.3.1.3}{\376\377\000S\000i\000m\000i\000l\000a\000r\000\040\000I\000m\000p\000l\000e\000m\000e\000n\000t\000a\000t\000i\000o\000n\000s}{section.3.1}% 5
\BOOKMARK [1][-]{section.3.2}{\376\377\000R\000e\000c\000e\000i\000v\000e\000r\000\040\000A\000r\000r\000a\000y\000\040\000M\000e\000c\000h\000a\000n\000i\000c\000a\000l\000\040\000D\000e\000s\000i\000g\000n}{chapter.3}% 6
\BOOKMARK [1][-]{section.3.3}{\376\377\000R\000e\000c\000e\000i\000v\000e\000r\000\040\000A\000r\000r\000a\000y\000\040\000E\000l\000e\000c\000t\000r\000i\000c\000a\000l\000\040\000D\000e\000s\000i\000g\000n}{chapter.3}% 7
\BOOKMARK [1][-]{section.3.4}{\376\377\000A\000c\000t\000i\000v\000e\000\040\000B\000a\000n\000d\000-\000P\000a\000s\000s\000\040\000F\000i\000l\000t\000e\000r\000\040\000D\000e\000s\000i\000g\000n}{chapter.3}% 8
\BOOKMARK [1][-]{section.3.5}{\376\377\000R\000e\000c\000e\000i\000v\000e\000r\000\040\000A\000r\000r\000a\000y\000\040\000a\000n\000d\000\040\000P\000C\000B\000\040\000A\000s\000s\000e\000m\000b\000l\000y}{chapter.3}% 9
\BOOKMARK [1][-]{section.3.6}{\376\377\000T\000r\000a\000n\000s\000m\000i\000t\000t\000e\000r\000\040\000D\000e\000s\000i\000g\000n}{chapter.3}% 10
\BOOKMARK [2][-]{subsection.3.6.1}{\376\377\000T\000r\000a\000n\000s\000m\000i\000t\000t\000e\000r\000\040\000H\000a\000r\000d\000w\000a\000r\000e\000\040\000D\000e\000s\000i\000g\000n}{section.3.6}% 11
\BOOKMARK [2][-]{subsection.3.6.2}{\376\377\000T\000r\000a\000n\000s\000m\000i\000t\000t\000e\000r\000\040\000S\000o\000f\000t\000w\000a\000r\000e\000\040\000D\000e\000s\000i\000g\000n}{section.3.6}% 12
\BOOKMARK [1][-]{section.3.7}{\376\377\000R\000e\000c\000o\000r\000d\000i\000n\000g\000\040\000a\000n\000\040\000A\000u\000d\000i\000o\000\040\000P\000u\000l\000s\000e}{chapter.3}% 13
\BOOKMARK [2][-]{subsection.3.7.1}{\376\377\000F\000i\000n\000i\000t\000e\000-\000S\000t\000a\000t\000e\000\040\000M\000a\000c\000h\000i\000n\000e}{section.3.7}% 14
\BOOKMARK [2][-]{subsection.3.7.2}{\376\377\000A\000D\000C\000\040\000C\000o\000n\000f\000i\000g\000u\000r\000a\000t\000i\000o\000n}{section.3.7}% 15
\BOOKMARK [2][-]{subsection.3.7.3}{\376\377\000T\000r\000i\000g\000g\000e\000r\000i\000n\000g\000\040\000S\000t\000a\000t\000e}{section.3.7}% 16
\BOOKMARK [2][-]{subsection.3.7.4}{\376\377\000F\000u\000l\000l\000\040\000R\000e\000c\000o\000r\000d\000i\000n\000g\000\040\000a\000n\000d\000\040\000R\000e\000c\000o\000r\000d\000i\000n\000g\000\040\000V\000a\000l\000i\000d\000a\000t\000i\000o\000n\000\040\000S\000t\000a\000t\000e}{section.3.7}% 17
\BOOKMARK [1][-]{section.3.8}{\376\377\000C\000a\000l\000c\000u\000l\000a\000t\000i\000n\000g\000\040\000T\000i\000m\000e\000\040\000S\000h\000i\000f\000t}{chapter.3}% 18
\BOOKMARK [2][-]{subsection.3.8.1}{\376\377\000F\000F\000T\000\040\000C\000r\000o\000s\000s\000-\000C\000o\000r\000r\000e\000l\000a\000t\000i\000o\000n\000\040\000T\000h\000e\000o\000r\000y}{section.3.8}% 19
\BOOKMARK [2][-]{subsection.3.8.2}{\376\377\000F\000F\000T\000\040\000C\000r\000o\000s\000s\000-\000C\000o\000r\000r\000e\000l\000a\000t\000i\000o\000n\000\040\000I\000m\000p\000l\000e\000m\000e\000n\000t\000a\000t\000i\000o\000n}{section.3.8}% 20
\BOOKMARK [1][-]{section.3.9}{\376\377\000A\000c\000o\000u\000s\000t\000i\000c\000\040\000P\000o\000s\000i\000t\000i\000o\000n\000\040\000E\000s\000t\000i\000m\000a\000t\000i\000o\000n}{chapter.3}% 21
\BOOKMARK [2][-]{subsection.3.9.1}{\376\377\000R\000o\000t\000a\000t\000i\000n\000g\000\040\000t\000h\000e\000\040\000M\000i\000c\000r\000o\000p\000h\000o\000n\000e\000\040\000A\000r\000r\000a\000y}{section.3.9}% 22
\BOOKMARK [2][-]{subsection.3.9.2}{\376\377\000H\000o\000o\000k\000e\000-\000J\000e\000e\000v\000e\000s\000\040\000S\000e\000a\000r\000c\000h}{section.3.9}% 23
\BOOKMARK [2][-]{subsection.3.9.3}{\376\377\000I\000n\000c\000o\000r\000p\000o\000r\000a\000t\000i\000n\000g\000\040\000T\000r\000a\000n\000s\000m\000i\000t\000t\000e\000r\000\040\000P\000o\000s\000i\000t\000i\000o\000n}{section.3.9}% 24
