This is pdfTeX, Version 3.141592653-2.6-1.40.25 (MiKTeX 24.1) (preloaded format=pdflatex 2024.8.10)  4 SEP 2024 21:14
entering extended mode
 restricted \write18 enabled.
 %&-line parsing enabled.
**"./3 Acoustic Positioning System.tex"
(3 Acoustic Positioning System.tex
LaTeX2e <2023-11-01> patch level 1
L3 programming layer <2024-01-04>
(C:\Users\frabb\AppData\Local\Programs\MiKTeX\tex/latex/base\report.cls
Document Class: report 2023/05/17 v1.4n Standard LaTeX document class
(C:\Users\frabb\AppData\Local\Programs\MiKTeX\tex/latex/base\size12.clo
File: size12.clo 2023/05/17 v1.4n Standard LaTeX file (size option)
)
\c@part=\count187
\c@chapter=\count188
\c@section=\count189
\c@subsection=\count190
\c@subsubsection=\count191
\c@paragraph=\count192
\c@subparagraph=\count193
\c@figure=\count194
\c@table=\count195
\abovecaptionskip=\skip48
\belowcaptionskip=\skip49
\bibindent=\dimen140
)
(C:\Users\frabb\AppData\Local\Programs\MiKTeX\tex/latex/base\inputenc.sty
Package: inputenc 2021/02/14 v1.3d Input encoding file
\inpenc@prehook=\toks17
\inpenc@posthook=\toks18
)
(C:\Users\frabb\AppData\Local\Programs\MiKTeX\tex/latex/amsmath\amsmath.sty
Package: amsmath 2023/05/13 v2.17o AMS math features
\@mathmargin=\skip50

For additional information on amsmath, use the `?' option.
(C:\Users\frabb\AppData\Local\Programs\MiKTeX\tex/latex/amsmath\amstext.sty
Package: amstext 2021/08/26 v2.01 AMS text

(C:\Users\frabb\AppData\Local\Programs\MiKTeX\tex/latex/amsmath\amsgen.sty
File: amsgen.sty 1999/11/30 v2.0 generic functions
\@emptytoks=\toks19
\ex@=\dimen141
))
(C:\Users\frabb\AppData\Local\Programs\MiKTeX\tex/latex/amsmath\amsbsy.sty
Package: amsbsy 1999/11/29 v1.2d Bold Symbols
\pmbraise@=\dimen142
)
(C:\Users\frabb\AppData\Local\Programs\MiKTeX\tex/latex/amsmath\amsopn.sty
Package: amsopn 2022/04/08 v2.04 operator names
)
\inf@bad=\count196
LaTeX Info: Redefining \frac on input line 234.
\uproot@=\count197
\leftroot@=\count198
LaTeX Info: Redefining \overline on input line 399.
LaTeX Info: Redefining \colon on input line 410.
\classnum@=\count199
\DOTSCASE@=\count266
LaTeX Info: Redefining \ldots on input line 496.
LaTeX Info: Redefining \dots on input line 499.
LaTeX Info: Redefining \cdots on input line 620.
\Mathstrutbox@=\box51
\strutbox@=\box52
LaTeX Info: Redefining \big on input line 722.
LaTeX Info: Redefining \Big on input line 723.
LaTeX Info: Redefining \bigg on input line 724.
LaTeX Info: Redefining \Bigg on input line 725.
\big@size=\dimen143
LaTeX Font Info:    Redeclaring font encoding OML on input line 743.
LaTeX Font Info:    Redeclaring font encoding OMS on input line 744.
\macc@depth=\count267
LaTeX Info: Redefining \bmod on input line 905.
LaTeX Info: Redefining \pmod on input line 910.
LaTeX Info: Redefining \smash on input line 940.
LaTeX Info: Redefining \relbar on input line 970.
LaTeX Info: Redefining \Relbar on input line 971.
\c@MaxMatrixCols=\count268
\dotsspace@=\muskip16
\c@parentequation=\count269
\dspbrk@lvl=\count270
\tag@help=\toks20
\row@=\count271
\column@=\count272
\maxfields@=\count273
\andhelp@=\toks21
\eqnshift@=\dimen144
\alignsep@=\dimen145
\tagshift@=\dimen146
\tagwidth@=\dimen147
\totwidth@=\dimen148
\lineht@=\dimen149
\@envbody=\toks22
\multlinegap=\skip51
\multlinetaggap=\skip52
\mathdisplay@stack=\toks23
LaTeX Info: Redefining \[ on input line 2953.
LaTeX Info: Redefining \] on input line 2954.
)
(C:\Users\frabb\AppData\Local\Programs\MiKTeX\tex/latex/algorithms\algorithm.st
y
Package: algorithm 2009/08/24 v0.1 Document Style `algorithm' - floating enviro
nment
 (C:\Users\frabb\AppData\Local\Programs\MiKTeX\tex/latex/float\float.sty
Package: float 2001/11/08 v1.3d Float enhancements (AL)
\c@float@type=\count274
\float@exts=\toks24
\float@box=\box53
\@float@everytoks=\toks25
\@floatcapt=\box54
)
(C:\Users\frabb\AppData\Local\Programs\MiKTeX\tex/latex/base\ifthen.sty
Package: ifthen 2022/04/13 v1.1d Standard LaTeX ifthen package (DPC)
)
\@float@every@algorithm=\toks26
\c@algorithm=\count275
)
(C:\Users\frabb\AppData\Local\Programs\MiKTeX\tex/latex/algorithmicx\algpseudoc
ode.sty
Package: algpseudocode 

(C:\Users\frabb\AppData\Local\Programs\MiKTeX\tex/latex/algorithmicx\algorithmi
cx.sty
Package: algorithmicx 2005/04/27 v1.2 Algorithmicx

Document Style algorithmicx 1.2 - a greatly improved `algorithmic' style
\c@ALG@line=\count276
\c@ALG@rem=\count277
\c@ALG@nested=\count278
\ALG@tlm=\skip53
\ALG@thistlm=\skip54
\c@ALG@Lnr=\count279
\c@ALG@blocknr=\count280
\c@ALG@storecount=\count281
\c@ALG@tmpcounter=\count282
\ALG@tmplength=\skip55
)
Document Style - pseudocode environments for use with the `algorithmicx' style
) (C:\Users\frabb\AppData\Local\Programs\MiKTeX\tex/latex/amsfonts\amssymb.sty
Package: amssymb 2013/01/14 v3.01 AMS font symbols

(C:\Users\frabb\AppData\Local\Programs\MiKTeX\tex/latex/amsfonts\amsfonts.sty
Package: amsfonts 2013/01/14 v3.01 Basic AMSFonts support
\symAMSa=\mathgroup4
\symAMSb=\mathgroup5
LaTeX Font Info:    Redeclaring math symbol \hbar on input line 98.
LaTeX Font Info:    Overwriting math alphabet `\mathfrak' in version `bold'
(Font)                  U/euf/m/n --> U/euf/b/n on input line 106.
)) (C:\Users\frabb\AppData\Local\Programs\MiKTeX\tex/latex/graphics\graphicx.st
y
Package: graphicx 2021/09/16 v1.2d Enhanced LaTeX Graphics (DPC,SPQR)

(C:\Users\frabb\AppData\Local\Programs\MiKTeX\tex/latex/graphics\keyval.sty
Package: keyval 2022/05/29 v1.15 key=value parser (DPC)
\KV@toks@=\toks27
)
(C:\Users\frabb\AppData\Local\Programs\MiKTeX\tex/latex/graphics\graphics.sty
Package: graphics 2022/03/10 v1.4e Standard LaTeX Graphics (DPC,SPQR)

(C:\Users\frabb\AppData\Local\Programs\MiKTeX\tex/latex/graphics\trig.sty
Package: trig 2021/08/11 v1.11 sin cos tan (DPC)
)
(C:\Users\frabb\AppData\Local\Programs\MiKTeX\tex/latex/graphics-cfg\graphics.c
fg
File: graphics.cfg 2016/06/04 v1.11 sample graphics configuration
)
Package graphics Info: Driver file: pdftex.def on input line 107.

(C:\Users\frabb\AppData\Local\Programs\MiKTeX\tex/latex/graphics-def\pdftex.def
File: pdftex.def 2022/09/22 v1.2b Graphics/color driver for pdftex
))
\Gin@req@height=\dimen150
\Gin@req@width=\dimen151
)
(C:\Users\frabb\AppData\Local\Programs\MiKTeX\tex/latex/geometry\geometry.sty
Package: geometry 2020/01/02 v5.9 Page Geometry

(C:\Users\frabb\AppData\Local\Programs\MiKTeX\tex/generic/iftex\ifvtex.sty
Package: ifvtex 2019/10/25 v1.7 ifvtex legacy package. Use iftex instead.

(C:\Users\frabb\AppData\Local\Programs\MiKTeX\tex/generic/iftex\iftex.sty
Package: iftex 2022/02/03 v1.0f TeX engine tests
))
\Gm@cnth=\count283
\Gm@cntv=\count284
\c@Gm@tempcnt=\count285
\Gm@bindingoffset=\dimen152
\Gm@wd@mp=\dimen153
\Gm@odd@mp=\dimen154
\Gm@even@mp=\dimen155
\Gm@layoutwidth=\dimen156
\Gm@layoutheight=\dimen157
\Gm@layouthoffset=\dimen158
\Gm@layoutvoffset=\dimen159
\Gm@dimlist=\toks28

(C:\Users\frabb\AppData\Local\Programs\MiKTeX\tex/latex/geometry\geometry.cfg))
(C:\Users\frabb\AppData\Local\Programs\MiKTeX\tex/latex/hyperref\hyperref.sty
Package: hyperref 2023-11-26 v7.01g Hypertext links for LaTeX

(C:\Users\frabb\AppData\Local\Programs\MiKTeX\tex/generic/infwarerr\infwarerr.s
ty
Package: infwarerr 2019/12/03 v1.5 Providing info/warning/error messages (HO)
)
(C:\Users\frabb\AppData\Local\Programs\MiKTeX\tex/latex/kvsetkeys\kvsetkeys.sty
Package: kvsetkeys 2022-10-05 v1.19 Key value parser (HO)
)
(C:\Users\frabb\AppData\Local\Programs\MiKTeX\tex/generic/kvdefinekeys\kvdefine
keys.sty
Package: kvdefinekeys 2019-12-19 v1.6 Define keys (HO)
)
(C:\Users\frabb\AppData\Local\Programs\MiKTeX\tex/generic/pdfescape\pdfescape.s
ty
Package: pdfescape 2019/12/09 v1.15 Implements pdfTeX's escape features (HO)

(C:\Users\frabb\AppData\Local\Programs\MiKTeX\tex/generic/ltxcmds\ltxcmds.sty
Package: ltxcmds 2023-12-04 v1.26 LaTeX kernel commands for general use (HO)
)
(C:\Users\frabb\AppData\Local\Programs\MiKTeX\tex/generic/pdftexcmds\pdftexcmds
.sty
Package: pdftexcmds 2020-06-27 v0.33 Utility functions of pdfTeX for LuaTeX (HO
)
Package pdftexcmds Info: \pdf@primitive is available.
Package pdftexcmds Info: \pdf@ifprimitive is available.
Package pdftexcmds Info: \pdfdraftmode found.
))
(C:\Users\frabb\AppData\Local\Programs\MiKTeX\tex/latex/hycolor\hycolor.sty
Package: hycolor 2020-01-27 v1.10 Color options for hyperref/bookmark (HO)
)
(C:\Users\frabb\AppData\Local\Programs\MiKTeX\tex/latex/letltxmacro\letltxmacro
.sty
Package: letltxmacro 2019/12/03 v1.6 Let assignment for LaTeX macros (HO)
)
(C:\Users\frabb\AppData\Local\Programs\MiKTeX\tex/latex/auxhook\auxhook.sty
Package: auxhook 2019-12-17 v1.6 Hooks for auxiliary files (HO)
)
(C:\Users\frabb\AppData\Local\Programs\MiKTeX\tex/latex/hyperref\nameref.sty
Package: nameref 2023-11-26 v2.56 Cross-referencing by name of section

(C:\Users\frabb\AppData\Local\Programs\MiKTeX\tex/latex/refcount\refcount.sty
Package: refcount 2019/12/15 v3.6 Data extraction from label references (HO)
)
(C:\Users\frabb\AppData\Local\Programs\MiKTeX\tex/generic/gettitlestring\gettit
lestring.sty
Package: gettitlestring 2019/12/15 v1.6 Cleanup title references (HO)

(C:\Users\frabb\AppData\Local\Programs\MiKTeX\tex/latex/kvoptions\kvoptions.sty
Package: kvoptions 2022-06-15 v3.15 Key value format for package options (HO)
))
\c@section@level=\count286
)
(C:\Users\frabb\AppData\Local\Programs\MiKTeX\tex/latex/etoolbox\etoolbox.sty
Package: etoolbox 2020/10/05 v2.5k e-TeX tools for LaTeX (JAW)
\etb@tempcnta=\count287
)
\@linkdim=\dimen160
\Hy@linkcounter=\count288
\Hy@pagecounter=\count289

(C:\Users\frabb\AppData\Local\Programs\MiKTeX\tex/latex/hyperref\pd1enc.def
File: pd1enc.def 2023-11-26 v7.01g Hyperref: PDFDocEncoding definition (HO)
Now handling font encoding PD1 ...
... no UTF-8 mapping file for font encoding PD1
)
(C:\Users\frabb\AppData\Local\Programs\MiKTeX\tex/generic/intcalc\intcalc.sty
Package: intcalc 2019/12/15 v1.3 Expandable calculations with integers (HO)
)
\Hy@SavedSpaceFactor=\count290

(C:\Users\frabb\AppData\Local\Programs\MiKTeX\tex/latex/hyperref\puenc.def
File: puenc.def 2023-11-26 v7.01g Hyperref: PDF Unicode definition (HO)
Now handling font encoding PU ...
... no UTF-8 mapping file for font encoding PU
)
Package hyperref Info: Hyper figures OFF on input line 4181.
Package hyperref Info: Link nesting OFF on input line 4186.
Package hyperref Info: Hyper index ON on input line 4189.
Package hyperref Info: Plain pages OFF on input line 4196.
Package hyperref Info: Backreferencing OFF on input line 4201.
Package hyperref Info: Implicit mode ON; LaTeX internals redefined.
Package hyperref Info: Bookmarks ON on input line 4448.
\c@Hy@tempcnt=\count291

(C:\Users\frabb\AppData\Local\Programs\MiKTeX\tex/latex/url\url.sty
\Urlmuskip=\muskip17
Package: url 2013/09/16  ver 3.4  Verb mode for urls, etc.
)
LaTeX Info: Redefining \url on input line 4786.
\XeTeXLinkMargin=\dimen161

(C:\Users\frabb\AppData\Local\Programs\MiKTeX\tex/generic/bitset\bitset.sty
Package: bitset 2019/12/09 v1.3 Handle bit-vector datatype (HO)

(C:\Users\frabb\AppData\Local\Programs\MiKTeX\tex/generic/bigintcalc\bigintcalc
.sty
Package: bigintcalc 2019/12/15 v1.5 Expandable calculations on big integers (HO
)
))
\Fld@menulength=\count292
\Field@Width=\dimen162
\Fld@charsize=\dimen163
Package hyperref Info: Hyper figures OFF on input line 6065.
Package hyperref Info: Link nesting OFF on input line 6070.
Package hyperref Info: Hyper index ON on input line 6073.
Package hyperref Info: backreferencing OFF on input line 6080.
Package hyperref Info: Link coloring OFF on input line 6085.
Package hyperref Info: Link coloring with OCG OFF on input line 6090.
Package hyperref Info: PDF/A mode OFF on input line 6095.

(C:\Users\frabb\AppData\Local\Programs\MiKTeX\tex/latex/base\atbegshi-ltx.sty
Package: atbegshi-ltx 2021/01/10 v1.0c Emulation of the original atbegshi
package with kernel methods
)
\Hy@abspage=\count293
\c@Item=\count294
\c@Hfootnote=\count295
)
Package hyperref Info: Driver (autodetected): hpdftex.
(C:\Users\frabb\AppData\Local\Programs\MiKTeX\tex/latex/hyperref\hpdftex.def
File: hpdftex.def 2023-11-26 v7.01g Hyperref driver for pdfTeX

(C:\Users\frabb\AppData\Local\Programs\MiKTeX\tex/latex/base\atveryend-ltx.sty
Package: atveryend-ltx 2020/08/19 v1.0a Emulation of the original atveryend pac
kage
with kernel methods
)
\Fld@listcount=\count296
\c@bookmark@seq@number=\count297

(C:\Users\frabb\AppData\Local\Programs\MiKTeX\tex/latex/rerunfilecheck\rerunfil
echeck.sty
Package: rerunfilecheck 2022-07-10 v1.10 Rerun checks for auxiliary files (HO)

(C:\Users\frabb\AppData\Local\Programs\MiKTeX\tex/generic/uniquecounter\uniquec
ounter.sty
Package: uniquecounter 2019/12/15 v1.4 Provide unlimited unique counter (HO)
)
Package uniquecounter Info: New unique counter `rerunfilecheck' on input line 2
85.
)
\Hy@SectionHShift=\skip56
)
(C:\Users\frabb\AppData\Local\Programs\MiKTeX\tex/latex/cleveref\cleveref.sty
Package: cleveref 2018/03/27 v0.21.4 Intelligent cross-referencing
Package cleveref Info: `hyperref' support loaded on input line 2370.
LaTeX Info: Redefining \cref on input line 2370.
LaTeX Info: Redefining \Cref on input line 2370.
LaTeX Info: Redefining \crefrange on input line 2370.
LaTeX Info: Redefining \Crefrange on input line 2370.
LaTeX Info: Redefining \cpageref on input line 2370.
LaTeX Info: Redefining \Cpageref on input line 2370.
LaTeX Info: Redefining \cpagerefrange on input line 2370.
LaTeX Info: Redefining \Cpagerefrange on input line 2370.
LaTeX Info: Redefining \labelcref on input line 2370.
LaTeX Info: Redefining \labelcpageref on input line 2370.
Package cleveref Info: `algorithmicx' support loaded on input line 3120.
Package cleveref Info: always capitalise cross-reference names on input line 78
25.
Package cleveref Info: always capitalise cross-reference names on input line 78
52.
)
(C:\Users\frabb\AppData\Local\Programs\MiKTeX\tex/generic/babel\babel.sty
Package: babel 2024/01/07 v24.1 The Babel package
\babel@savecnt=\count298
\U@D=\dimen164
\l@unhyphenated=\language79

(C:\Users\frabb\AppData\Local\Programs\MiKTeX\tex/generic/babel\txtbabel.def)
\bbl@readstream=\read2
\bbl@dirlevel=\count299

*************************************
* Local config file bblopts.cfg used
*
(C:\Users\frabb\AppData\Local\Programs\MiKTeX\tex/latex/arabi\bblopts.cfg
File: bblopts.cfg 2005/09/08 v0.1 add Arabic and Farsi to "declared" options of
 babel
)
(C:\Users\frabb\AppData\Local\Programs\MiKTeX\tex/latex/babel-english\english.l
df
Language: english 2017/06/06 v3.3r English support from the babel system
Package babel Info: Hyphen rules for 'canadian' set to \l@english
(babel)             (\language0). Reported on input line 102.
Package babel Info: Hyphen rules for 'australian' set to \l@ukenglish
(babel)             (\language73). Reported on input line 105.
Package babel Info: Hyphen rules for 'newzealand' set to \l@ukenglish
(babel)             (\language73). Reported on input line 108.
))
(C:\Users\frabb\AppData\Local\Programs\MiKTeX\tex/generic/babel/locale/en\babel
-english.tex
Package babel Info: Importing font and identification data for english
(babel)             from babel-en.ini. Reported on input line 11.
)
(C:\Users\frabb\AppData\Local\Programs\MiKTeX\tex/latex/makecell\makecell.sty
Package: makecell 2009/08/03 V0.1e Managing of Tab Column Heads and Cells

(C:\Users\frabb\AppData\Local\Programs\MiKTeX\tex/latex/tools\array.sty
Package: array 2023/10/16 v2.5g Tabular extension package (FMi)
\col@sep=\dimen165
\ar@mcellbox=\box55
\extrarowheight=\dimen166
\NC@list=\toks29
\extratabsurround=\skip57
\backup@length=\skip58
\ar@cellbox=\box56
)
\rotheadsize=\dimen167
\c@nlinenum=\count300
\TeXr@lab=\toks30
)
(C:\Users\frabb\AppData\Local\Programs\MiKTeX\tex/latex/caption\caption.sty
Package: caption 2023/08/05 v3.6o Customizing captions (AR)

(C:\Users\frabb\AppData\Local\Programs\MiKTeX\tex/latex/caption\caption3.sty
Package: caption3 2023/07/31 v2.4d caption3 kernel (AR)
\caption@tempdima=\dimen168
\captionmargin=\dimen169
\caption@leftmargin=\dimen170
\caption@rightmargin=\dimen171
\caption@width=\dimen172
\caption@indent=\dimen173
\caption@parindent=\dimen174
\caption@hangindent=\dimen175
Package caption Info: Standard document class detected.
)
\c@caption@flags=\count301
\c@continuedfloat=\count302
Package caption Info: float package is loaded.
Package caption Info: hyperref package is loaded.
)
(C:\Users\frabb\AppData\Local\Programs\MiKTeX\tex/latex/listings\listings.sty
\lst@mode=\count303
\lst@gtempboxa=\box57
\lst@token=\toks31
\lst@length=\count304
\lst@currlwidth=\dimen176
\lst@column=\count305
\lst@pos=\count306
\lst@lostspace=\dimen177
\lst@width=\dimen178
\lst@newlines=\count307
\lst@lineno=\count308
\lst@maxwidth=\dimen179

(C:\Users\frabb\AppData\Local\Programs\MiKTeX\tex/latex/listings\lstmisc.sty
File: lstmisc.sty 2023/02/27 1.9 (Carsten Heinz)
\c@lstnumber=\count309
\lst@skipnumbers=\count310
\lst@framebox=\box58
)
(C:\Users\frabb\AppData\Local\Programs\MiKTeX\tex/latex/listings\listings.cfg
File: listings.cfg 2023/02/27 1.9 listings configuration
))
Package: listings 2023/02/27 1.9 (Carsten Heinz)
(C:\Users\frabb\AppData\Local\Programs\MiKTeX\tex/latex/titlesec\titlesec.sty
Package: titlesec 2023/10/27 v2.16 Sectioning titles
\ttl@box=\box59
\beforetitleunit=\skip59
\aftertitleunit=\skip60
\ttl@plus=\dimen180
\ttl@minus=\dimen181
\ttl@toksa=\toks32
\titlewidth=\dimen182
\titlewidthlast=\dimen183
\titlewidthfirst=\dimen184
)
Package hyperref Info: Option `colorlinks' set `true' on input line 25.

(C:\Users\frabb\AppData\Local\Programs\MiKTeX\tex/latex/enumitem\enumitem.sty
Package: enumitem 2019/06/20 v3.9 Customized lists
\labelindent=\skip61
\enit@outerparindent=\dimen185
\enit@toks=\toks33
\enit@inbox=\box60
\enit@count@id=\count311
\enitdp@description=\count312
)
(C:\Users\frabb\AppData\Local\Programs\MiKTeX\tex/latex/xcolor\xcolor.sty
Package: xcolor 2023/11/15 v3.01 LaTeX color extensions (UK)

(C:\Users\frabb\AppData\Local\Programs\MiKTeX\tex/latex/graphics-cfg\color.cfg
File: color.cfg 2016/01/02 v1.6 sample color configuration
)
Package xcolor Info: Driver file: pdftex.def on input line 274.
(C:\Users\frabb\AppData\Local\Programs\MiKTeX\tex/latex/graphics\mathcolor.ltx)
Package xcolor Info: Model `cmy' substituted by `cmy0' on input line 1350.
Package xcolor Info: Model `hsb' substituted by `rgb' on input line 1354.
Package xcolor Info: Model `RGB' extended on input line 1366.
Package xcolor Info: Model `HTML' substituted by `rgb' on input line 1368.
Package xcolor Info: Model `Hsb' substituted by `hsb' on input line 1369.
Package xcolor Info: Model `tHsb' substituted by `hsb' on input line 1370.
Package xcolor Info: Model `HSB' substituted by `hsb' on input line 1371.
Package xcolor Info: Model `Gray' substituted by `gray' on input line 1372.
Package xcolor Info: Model `wave' substituted by `hsb' on input line 1373.
)
(C:\Users\frabb\AppData\Local\Programs\MiKTeX\tex/latex/l3backend\l3backend-pdf
tex.def
File: l3backend-pdftex.def 2024-01-04 L3 backend support: PDF output (pdfTeX)
\l__color_backend_stack_int=\count313
\l__pdf_internal_box=\box61
) (3 Acoustic Positioning System.aux)
\openout1 = `"3 Acoustic Positioning System.aux"'.

LaTeX Font Info:    Checking defaults for OML/cmm/m/it on input line 93.
LaTeX Font Info:    ... okay on input line 93.
LaTeX Font Info:    Checking defaults for OMS/cmsy/m/n on input line 93.
LaTeX Font Info:    ... okay on input line 93.
LaTeX Font Info:    Checking defaults for OT1/cmr/m/n on input line 93.
LaTeX Font Info:    ... okay on input line 93.
LaTeX Font Info:    Checking defaults for T1/cmr/m/n on input line 93.
LaTeX Font Info:    ... okay on input line 93.
LaTeX Font Info:    Checking defaults for TS1/cmr/m/n on input line 93.
LaTeX Font Info:    ... okay on input line 93.
LaTeX Font Info:    Checking defaults for OMX/cmex/m/n on input line 93.
LaTeX Font Info:    ... okay on input line 93.
LaTeX Font Info:    Checking defaults for U/cmr/m/n on input line 93.
LaTeX Font Info:    ... okay on input line 93.
LaTeX Font Info:    Checking defaults for PD1/pdf/m/n on input line 93.
LaTeX Font Info:    ... okay on input line 93.
LaTeX Font Info:    Checking defaults for PU/pdf/m/n on input line 93.
LaTeX Font Info:    ... okay on input line 93.

(C:\Users\frabb\AppData\Local\Programs\MiKTeX\tex/context/base/mkii\supp-pdf.mk
ii
[Loading MPS to PDF converter (version 2006.09.02).]
\scratchcounter=\count314
\scratchdimen=\dimen186
\scratchbox=\box62
\nofMPsegments=\count315
\nofMParguments=\count316
\everyMPshowfont=\toks34
\MPscratchCnt=\count317
\MPscratchDim=\dimen187
\MPnumerator=\count318
\makeMPintoPDFobject=\count319
\everyMPtoPDFconversion=\toks35
)
(C:\Users\frabb\AppData\Local\Programs\MiKTeX\tex/latex/epstopdf-pkg\epstopdf-b
ase.sty
Package: epstopdf-base 2020-01-24 v2.11 Base part for package epstopdf
Package epstopdf-base Info: Redefining graphics rule for `.eps' on input line 4
85.

(C:\Users\frabb\AppData\Local\Programs\MiKTeX\tex/latex/00miktex\epstopdf-sys.c
fg
File: epstopdf-sys.cfg 2021/03/18 v2.0 Configuration of epstopdf for MiKTeX
))
*geometry* driver: auto-detecting
*geometry* detected driver: pdftex
*geometry* verbose mode - [ preamble ] result:
* driver: pdftex
* paper: a4paper
* layout: <same size as paper>
* layoutoffset:(h,v)=(0.0pt,0.0pt)
* modes: 
* h-part:(L,W,R)=(108.405pt, 416.83289pt, 72.26999pt)
* v-part:(T,H,B)=(72.26999pt, 700.50687pt, 72.26999pt)
* \paperwidth=597.50787pt
* \paperheight=845.04684pt
* \textwidth=416.83289pt
* \textheight=700.50687pt
* \oddsidemargin=36.13501pt
* \evensidemargin=36.13501pt
* \topmargin=-37.0pt
* \headheight=12.0pt
* \headsep=25.0pt
* \topskip=12.0pt
* \footskip=30.0pt
* \marginparwidth=35.0pt
* \marginparsep=10.0pt
* \columnsep=10.0pt
* \skip\footins=10.8pt plus 4.0pt minus 2.0pt
* \hoffset=0.0pt
* \voffset=0.0pt
* \mag=1000
* \@twocolumnfalse
* \@twosidefalse
* \@mparswitchfalse
* \@reversemarginfalse
* (1in=72.27pt=25.4mm, 1cm=28.453pt)

Package hyperref Info: Link coloring ON on input line 93.
(3 Acoustic Positioning System.out) (3 Acoustic Positioning System.out)
\@outlinefile=\write3
\openout3 = `"3 Acoustic Positioning System.out"'.

Package caption Info: Begin \AtBeginDocument code.
Package caption Info: listings package is loaded.
Package caption Info: End \AtBeginDocument code.
\c@lstlisting=\count320

Chapter 3.

LaTeX Warning: Reference `chap:4c' on page 1 undefined on input line 96.


LaTeX Warning: Reference `chap:5c' on page 1 undefined on input line 96.

[1


{C:/Users/frabb/AppData/Local/MiKTeX/fonts/map/pdftex/pdftex.map}]
<C:/Users/frabb/OneDrive - Cal Poly/Documents (Cloud)/0 CALPOLY/000Thesis/Chapt
ers/Images/trieste.jpg, id=107, 1083.29718pt x 874.76813pt>
File: C:/Users/frabb/OneDrive - Cal Poly/Documents (Cloud)/0 CALPOLY/000Thesis/
Chapters/Images/trieste.jpg Graphic file (type jpg)
<use C:/Users/frabb/OneDrive - Cal Poly/Documents (Cloud)/0 CALPOLY/000Thesis/C
hapters/Images/trieste.jpg>
Package pdftex.def Info: C:/Users/frabb/OneDrive - Cal Poly/Documents (Cloud)/0
 CALPOLY/000Thesis/Chapters/Images/trieste.jpg  used on input line 108.
(pdftex.def)             Requested size: 208.41644pt x 168.28993pt.
<C:/Users/frabb/OneDrive - Cal Poly/Documents (Cloud)/0 CALPOLY/000Thesis/Chapt
ers/Images/lbldiagram.jpg, id=113, 494.59781pt x 331.2375pt>
File: C:/Users/frabb/OneDrive - Cal Poly/Documents (Cloud)/0 CALPOLY/000Thesis/
Chapters/Images/lbldiagram.jpg Graphic file (type jpg)
<use C:/Users/frabb/OneDrive - Cal Poly/Documents (Cloud)/0 CALPOLY/000Thesis/C
hapters/Images/lbldiagram.jpg>
Package pdftex.def Info: C:/Users/frabb/OneDrive - Cal Poly/Documents (Cloud)/0
 CALPOLY/000Thesis/Chapters/Images/lbldiagram.jpg  used on input line 120.
(pdftex.def)             Requested size: 208.41644pt x 139.57874pt.
 [2 <C:/Users/frabb/OneDrive - Cal Poly/Documents (Cloud)/0 CALPOLY/000Thesis/C
hapters/Images/trieste.jpg>]
<C:/Users/frabb/OneDrive - Cal Poly/Documents (Cloud)/0 CALPOLY/000Thesis/Chapt
ers/Images/usbldiagram.jpg, id=128, 489.32813pt x 317.68687pt>
File: C:/Users/frabb/OneDrive - Cal Poly/Documents (Cloud)/0 CALPOLY/000Thesis/
Chapters/Images/usbldiagram.jpg Graphic file (type jpg)
<use C:/Users/frabb/OneDrive - Cal Poly/Documents (Cloud)/0 CALPOLY/000Thesis/C
hapters/Images/usbldiagram.jpg>
Package pdftex.def Info: C:/Users/frabb/OneDrive - Cal Poly/Documents (Cloud)/0
 CALPOLY/000Thesis/Chapters/Images/usbldiagram.jpg  used on input line 129.
(pdftex.def)             Requested size: 208.41644pt x 135.31325pt.
<C:/Users/frabb/OneDrive - Cal Poly/Documents (Cloud)/0 CALPOLY/000Thesis/Chapt
ers/Images/sbldiagram.jpg, id=133, 377.15906pt x 293.59688pt>
File: C:/Users/frabb/OneDrive - Cal Poly/Documents (Cloud)/0 CALPOLY/000Thesis/
Chapters/Images/sbldiagram.jpg Graphic file (type jpg)
<use C:/Users/frabb/OneDrive - Cal Poly/Documents (Cloud)/0 CALPOLY/000Thesis/C
hapters/Images/sbldiagram.jpg>
Package pdftex.def Info: C:/Users/frabb/OneDrive - Cal Poly/Documents (Cloud)/0
 CALPOLY/000Thesis/Chapters/Images/sbldiagram.jpg  used on input line 138.
(pdftex.def)             Requested size: 208.41644pt x 162.24036pt.
 [3 <C:/Users/frabb/OneDrive - Cal Poly/Documents (Cloud)/0 CALPOLY/000Thesis/C
hapters/Images/lbldiagram.jpg> <C:/Users/frabb/OneDrive - Cal Poly/Documents (C
loud)/0 CALPOLY/000Thesis/Chapters/Images/usbldiagram.jpg>]
<C:/Users/frabb/OneDrive - Cal Poly/Documents (Cloud)/0 CALPOLY/000Thesis/Chapt
ers/Images/iusblukf.jpg, id=146, 297.36093pt x 269.50688pt>
File: C:/Users/frabb/OneDrive - Cal Poly/Documents (Cloud)/0 CALPOLY/000Thesis/
Chapters/Images/iusblukf.jpg Graphic file (type jpg)
<use C:/Users/frabb/OneDrive - Cal Poly/Documents (Cloud)/0 CALPOLY/000Thesis/C
hapters/Images/iusblukf.jpg>
Package pdftex.def Info: C:/Users/frabb/OneDrive - Cal Poly/Documents (Cloud)/0
 CALPOLY/000Thesis/Chapters/Images/iusblukf.jpg  used on input line 147.
(pdftex.def)             Requested size: 250.10226pt x 226.67209pt.
<C:/Users/frabb/OneDrive - Cal Poly/Documents (Cloud)/0 CALPOLY/000Thesis/Chapt
ers/Images/ilbl.jpg, id=150, 983.92593pt x 595.47469pt>
File: C:/Users/frabb/OneDrive - Cal Poly/Documents (Cloud)/0 CALPOLY/000Thesis/
Chapters/Images/ilbl.jpg Graphic file (type jpg)
<use C:/Users/frabb/OneDrive - Cal Poly/Documents (Cloud)/0 CALPOLY/000Thesis/C
hapters/Images/ilbl.jpg>
Package pdftex.def Info: C:/Users/frabb/OneDrive - Cal Poly/Documents (Cloud)/0
 CALPOLY/000Thesis/Chapters/Images/ilbl.jpg  used on input line 156.
(pdftex.def)             Requested size: 312.62466pt x 189.20193pt.

[4 <C:/Users/frabb/OneDrive - Cal Poly/Documents (Cloud)/0 CALPOLY/000Thesis/Ch
apters/Images/sbldiagram.jpg> <C:/Users/frabb/OneDrive - Cal Poly/Documents (Cl
oud)/0 CALPOLY/000Thesis/Chapters/Images/iusblukf.jpg>] [5 <C:/Users/frabb/OneD
rive - Cal Poly/Documents (Cloud)/0 CALPOLY/000Thesis/Chapters/Images/ilbl.jpg>
]
<C:/Users/frabb/OneDrive - Cal Poly/Documents (Cloud)/0 CALPOLY/000Thesis/Chapt
ers/Images/isblnaked.jpg, id=180, 536.75531pt x 628.59843pt>
File: C:/Users/frabb/OneDrive - Cal Poly/Documents (Cloud)/0 CALPOLY/000Thesis/
Chapters/Images/isblnaked.jpg Graphic file (type jpg)
<use C:/Users/frabb/OneDrive - Cal Poly/Documents (Cloud)/0 CALPOLY/000Thesis/C
hapters/Images/isblnaked.jpg>
Package pdftex.def Info: C:/Users/frabb/OneDrive - Cal Poly/Documents (Cloud)/0
 CALPOLY/000Thesis/Chapters/Images/isblnaked.jpg  used on input line 175.
(pdftex.def)             Requested size: 208.41644pt x 244.07814pt.
<C:/Users/frabb/OneDrive - Cal Poly/Documents (Cloud)/0 CALPOLY/000Thesis/Chapt
ers/Images/partarray.jpg, id=182, 871.75688pt x 388.45125pt>
File: C:/Users/frabb/OneDrive - Cal Poly/Documents (Cloud)/0 CALPOLY/000Thesis/
Chapters/Images/partarray.jpg Graphic file (type jpg)
<use C:/Users/frabb/OneDrive - Cal Poly/Documents (Cloud)/0 CALPOLY/000Thesis/C
hapters/Images/partarray.jpg>
Package pdftex.def Info: C:/Users/frabb/OneDrive - Cal Poly/Documents (Cloud)/0
 CALPOLY/000Thesis/Chapters/Images/partarray.jpg  used on input line 184.
(pdftex.def)             Requested size: 333.46758pt x 148.591pt.
 [6 <C:/Users/frabb/OneDrive - Cal Poly/Documents (Cloud)/0 CALPOLY/000Thesis/C
hapters/Images/isblnaked.jpg>]
<C:/Users/frabb/OneDrive - Cal Poly/Documents (Cloud)/0 CALPOLY/000Thesis/Chapt
ers/Images/sidearray.jpg, id=192, 702.37407pt x 182.18062pt>
File: C:/Users/frabb/OneDrive - Cal Poly/Documents (Cloud)/0 CALPOLY/000Thesis/
Chapters/Images/sidearray.jpg Graphic file (type jpg)
<use C:/Users/frabb/OneDrive - Cal Poly/Documents (Cloud)/0 CALPOLY/000Thesis/C
hapters/Images/sidearray.jpg>
Package pdftex.def Info: C:/Users/frabb/OneDrive - Cal Poly/Documents (Cloud)/0
 CALPOLY/000Thesis/Chapters/Images/sidearray.jpg  used on input line 193.
(pdftex.def)             Requested size: 416.83289pt x 108.11943pt.
<C:/Users/frabb/OneDrive - Cal Poly/Documents (Cloud)/0 CALPOLY/000Thesis/Chapt
ers/Images/sliceradapter.jpg, id=194, 716.6775pt x 566.115pt>
File: C:/Users/frabb/OneDrive - Cal Poly/Documents (Cloud)/0 CALPOLY/000Thesis/
Chapters/Images/sliceradapter.jpg Graphic file (type jpg)
<use C:/Users/frabb/OneDrive - Cal Poly/Documents (Cloud)/0 CALPOLY/000Thesis/C
hapters/Images/sliceradapter.jpg>
Package pdftex.def Info: C:/Users/frabb/OneDrive - Cal Poly/Documents (Cloud)/0
 CALPOLY/000Thesis/Chapters/Images/sliceradapter.jpg  used on input line 202.
(pdftex.def)             Requested size: 250.10226pt x 197.55582pt.


LaTeX Warning: Reference `chap:4c' on page 7 undefined on input line 208.

[7 <C:/Users/frabb/OneDrive - Cal Poly/Documents (Cloud)/0 CALPOLY/000Thesis/Ch
apters/Images/partarray.jpg> <C:/Users/frabb/OneDrive - Cal Poly/Documents (Clo
ud)/0 CALPOLY/000Thesis/Chapters/Images/sidearray.jpg>]
<C:/Users/frabb/OneDrive - Cal Poly/Documents (Cloud)/0 CALPOLY/000Thesis/Chapt
ers/Images/stm144.jpg, id=206, 522.45187pt x 905.63344pt>
File: C:/Users/frabb/OneDrive - Cal Poly/Documents (Cloud)/0 CALPOLY/000Thesis/
Chapters/Images/stm144.jpg Graphic file (type jpg)
<use C:/Users/frabb/OneDrive - Cal Poly/Documents (Cloud)/0 CALPOLY/000Thesis/C
hapters/Images/stm144.jpg>
Package pdftex.def Info: C:/Users/frabb/OneDrive - Cal Poly/Documents (Cloud)/0
 CALPOLY/000Thesis/Chapters/Images/stm144.jpg  used on input line 214.
(pdftex.def)             Requested size: 145.89404pt x 252.89851pt.
LaTeX Font Info:    Trying to load font information for U+msa on input line 219
.

(C:\Users\frabb\AppData\Local\Programs\MiKTeX\tex/latex/amsfonts\umsa.fd
File: umsa.fd 2013/01/14 v3.01 AMS symbols A
)
LaTeX Font Info:    Trying to load font information for U+msb on input line 219
.

(C:\Users\frabb\AppData\Local\Programs\MiKTeX\tex/latex/amsfonts\umsb.fd
File: umsb.fd 2013/01/14 v3.01 AMS symbols B
)

LaTeX Warning: Reference `sec:2s3' on page 8 undefined on input line 219.

[8 <C:/Users/frabb/OneDrive - Cal Poly/Documents (Cloud)/0 CALPOLY/000Thesis/Ch
apters/Images/sliceradapter.jpg> <C:/Users/frabb/OneDrive - Cal Poly/Documents 
(Cloud)/0 CALPOLY/000Thesis/Chapters/Images/stm144.jpg>]
<C:/Users/frabb/OneDrive - Cal Poly/Documents (Cloud)/0 CALPOLY/000Thesis/Chapt
ers/Images/stmwiring.jpg, id=219, 1105.12875pt x 706.89093pt>
File: C:/Users/frabb/OneDrive - Cal Poly/Documents (Cloud)/0 CALPOLY/000Thesis/
Chapters/Images/stmwiring.jpg Graphic file (type jpg)
<use C:/Users/frabb/OneDrive - Cal Poly/Documents (Cloud)/0 CALPOLY/000Thesis/C
hapters/Images/stmwiring.jpg>
Package pdftex.def Info: C:/Users/frabb/OneDrive - Cal Poly/Documents (Cloud)/0
 CALPOLY/000Thesis/Chapters/Images/stmwiring.jpg  used on input line 223.
(pdftex.def)             Requested size: 416.83289pt x 266.6151pt.


LaTeX Warning: Reference `sec:6s4' on page 9 undefined on input line 234.

[9 <C:/Users/frabb/OneDrive - Cal Poly/Documents (Cloud)/0 CALPOLY/000Thesis/Ch
apters/Images/stmwiring.jpg>]
<C:/Users/frabb/OneDrive - Cal Poly/Documents (Cloud)/0 CALPOLY/000Thesis/Chapt
ers/Images/attenuation.jpg, id=226, 444.15938pt x 507.39563pt>
File: C:/Users/frabb/OneDrive - Cal Poly/Documents (Cloud)/0 CALPOLY/000Thesis/
Chapters/Images/attenuation.jpg Graphic file (type jpg)
<use C:/Users/frabb/OneDrive - Cal Poly/Documents (Cloud)/0 CALPOLY/000Thesis/C
hapters/Images/attenuation.jpg>
Package pdftex.def Info: C:/Users/frabb/OneDrive - Cal Poly/Documents (Cloud)/0
 CALPOLY/000Thesis/Chapters/Images/attenuation.jpg  used on input line 244.
(pdftex.def)             Requested size: 270.93883pt x 309.51088pt.

Overfull \hbox (8.11687pt too wide) in paragraph at lines 249--250
[]\OT1/cmr/m/n/12 Using ul-tra-sonic trans-duc-ers with-out any fil-ter-ing or 
am-pli-fi-ca-tion would severely
 []

<C:/Users/frabb/OneDrive - Cal Poly/Documents (Cloud)/0 CALPOLY/000Thesis/Chapt
ers/Images/abpfws.jpg, id=231, 500.62032pt x 382.42876pt>
File: C:/Users/frabb/OneDrive - Cal Poly/Documents (Cloud)/0 CALPOLY/000Thesis/
Chapters/Images/abpfws.jpg Graphic file (type jpg)
<use C:/Users/frabb/OneDrive - Cal Poly/Documents (Cloud)/0 CALPOLY/000Thesis/C
hapters/Images/abpfws.jpg>
Package pdftex.def Info: C:/Users/frabb/OneDrive - Cal Poly/Documents (Cloud)/0
 CALPOLY/000Thesis/Chapters/Images/abpfws.jpg  used on input line 265.
(pdftex.def)             Requested size: 333.46758pt x 254.74957pt.
[10 <C:/Users/frabb/OneDrive - Cal Poly/Documents (Cloud)/0 CALPOLY/000Thesis/C
hapters/Images/attenuation.jpg>]
<C:/Users/frabb/OneDrive - Cal Poly/Documents (Cloud)/0 CALPOLY/000Thesis/Chapt
ers/Images/abpfcircuit.jpg, id=246, 1147.28625pt x 462.97969pt>
File: C:/Users/frabb/OneDrive - Cal Poly/Documents (Cloud)/0 CALPOLY/000Thesis/
Chapters/Images/abpfcircuit.jpg Graphic file (type jpg)
<use C:/Users/frabb/OneDrive - Cal Poly/Documents (Cloud)/0 CALPOLY/000Thesis/C
hapters/Images/abpfcircuit.jpg>
Package pdftex.def Info: C:/Users/frabb/OneDrive - Cal Poly/Documents (Cloud)/0
 CALPOLY/000Thesis/Chapters/Images/abpfcircuit.jpg  used on input line 276.
(pdftex.def)             Requested size: 416.83289pt x 168.20555pt.
<C:/Users/frabb/OneDrive - Cal Poly/Documents (Cloud)/0 CALPOLY/000Thesis/Chapt
ers/Images/ltspice.jpg, id=249, 935.74594pt x 420.82219pt>
File: C:/Users/frabb/OneDrive - Cal Poly/Documents (Cloud)/0 CALPOLY/000Thesis/
Chapters/Images/ltspice.jpg Graphic file (type jpg)
<use C:/Users/frabb/OneDrive - Cal Poly/Documents (Cloud)/0 CALPOLY/000Thesis/C
hapters/Images/ltspice.jpg>
Package pdftex.def Info: C:/Users/frabb/OneDrive - Cal Poly/Documents (Cloud)/0
 CALPOLY/000Thesis/Chapters/Images/ltspice.jpg  used on input line 285.
(pdftex.def)             Requested size: 416.83289pt x 187.46112pt.
<C:/Users/frabb/OneDrive - Cal Poly/Documents (Cloud)/0 CALPOLY/000Thesis/Chapt
ers/Images/usrsens.jpg, id=250, 459.96844pt x 266.49562pt>
File: C:/Users/frabb/OneDrive - Cal Poly/Documents (Cloud)/0 CALPOLY/000Thesis/
Chapters/Images/usrsens.jpg Graphic file (type jpg)
<use C:/Users/frabb/OneDrive - Cal Poly/Documents (Cloud)/0 CALPOLY/000Thesis/C
hapters/Images/usrsens.jpg>
Package pdftex.def Info: C:/Users/frabb/OneDrive - Cal Poly/Documents (Cloud)/0
 CALPOLY/000Thesis/Chapters/Images/usrsens.jpg  used on input line 292.
(pdftex.def)             Requested size: 250.10226pt x 144.90582pt.
 [11 <C:/Users/frabb/OneDrive - Cal Poly/Documents (Cloud)/0 CALPOLY/000Thesis/
Chapters/Images/abpfws.jpg>] [12 <C:/Users/frabb/OneDrive - Cal Poly/Documents 
(Cloud)/0 CALPOLY/000Thesis/Chapters/Images/abpfcircuit.jpg> <C:/Users/frabb/On
eDrive - Cal Poly/Documents (Cloud)/0 CALPOLY/000Thesis/Chapters/Images/ltspice
.jpg> <C:/Users/frabb/OneDrive - Cal Poly/Documents (Cloud)/0 CALPOLY/000Thesis
/Chapters/Images/usrsens.jpg>]
<C:/Users/frabb/OneDrive - Cal Poly/Documents (Cloud)/0 CALPOLY/000Thesis/Chapt
ers/Images/abpfeagleREAL.jpg, id=267, 1289.56781pt x 420.82219pt>
File: C:/Users/frabb/OneDrive - Cal Poly/Documents (Cloud)/0 CALPOLY/000Thesis/
Chapters/Images/abpfeagleREAL.jpg Graphic file (type jpg)
<use C:/Users/frabb/OneDrive - Cal Poly/Documents (Cloud)/0 CALPOLY/000Thesis/C
hapters/Images/abpfeagleREAL.jpg>
Package pdftex.def Info: C:/Users/frabb/OneDrive - Cal Poly/Documents (Cloud)/0
 CALPOLY/000Thesis/Chapters/Images/abpfeagleREAL.jpg  used on input line 303.
(pdftex.def)             Requested size: 291.78174pt x 95.21387pt.
<C:/Users/frabb/OneDrive - Cal Poly/Documents (Cloud)/0 CALPOLY/000Thesis/Chapt
ers/Images/abpfeagle.jpg, id=268, 1909.88531pt x 520.19344pt>
File: C:/Users/frabb/OneDrive - Cal Poly/Documents (Cloud)/0 CALPOLY/000Thesis/
Chapters/Images/abpfeagle.jpg Graphic file (type jpg)
<use C:/Users/frabb/OneDrive - Cal Poly/Documents (Cloud)/0 CALPOLY/000Thesis/C
hapters/Images/abpfeagle.jpg>
Package pdftex.def Info: C:/Users/frabb/OneDrive - Cal Poly/Documents (Cloud)/0
 CALPOLY/000Thesis/Chapters/Images/abpfeagle.jpg  used on input line 310.
(pdftex.def)             Requested size: 291.78174pt x 79.47026pt.
<C:/Users/frabb/OneDrive - Cal Poly/Documents (Cloud)/0 CALPOLY/000Thesis/Chapt
ers/Images/abpfboard.jpg, id=269, 691.08188pt x 210.7875pt>
File: C:/Users/frabb/OneDrive - Cal Poly/Documents (Cloud)/0 CALPOLY/000Thesis/
Chapters/Images/abpfboard.jpg Graphic file (type jpg)
<use C:/Users/frabb/OneDrive - Cal Poly/Documents (Cloud)/0 CALPOLY/000Thesis/C
hapters/Images/abpfboard.jpg>
Package pdftex.def Info: C:/Users/frabb/OneDrive - Cal Poly/Documents (Cloud)/0
 CALPOLY/000Thesis/Chapters/Images/abpfboard.jpg  used on input line 317.
(pdftex.def)             Requested size: 291.78174pt x 88.9965pt.
<C:/Users/frabb/OneDrive - Cal Poly/Documents (Cloud)/0 CALPOLY/000Thesis/Chapt
ers/Images/abpfmanu.jpg, id=273, 1034.36438pt x 891.33pt>
File: C:/Users/frabb/OneDrive - Cal Poly/Documents (Cloud)/0 CALPOLY/000Thesis/
Chapters/Images/abpfmanu.jpg Graphic file (type jpg)
<use C:/Users/frabb/OneDrive - Cal Poly/Documents (Cloud)/0 CALPOLY/000Thesis/C
hapters/Images/abpfmanu.jpg>
Package pdftex.def Info: C:/Users/frabb/OneDrive - Cal Poly/Documents (Cloud)/0
 CALPOLY/000Thesis/Chapters/Images/abpfmanu.jpg  used on input line 329.
(pdftex.def)             Requested size: 241.76382pt x 208.32013pt.
<C:/Users/frabb/OneDrive - Cal Poly/Documents (Cloud)/0 CALPOLY/000Thesis/Chapt
ers/Images/abpffinished.jpg, id=274, 759.58781pt x 592.46344pt>
File: C:/Users/frabb/OneDrive - Cal Poly/Documents (Cloud)/0 CALPOLY/000Thesis/
Chapters/Images/abpffinished.jpg Graphic file (type jpg)
<use C:/Users/frabb/OneDrive - Cal Poly/Documents (Cloud)/0 CALPOLY/000Thesis/C
hapters/Images/abpffinished.jpg>
Package pdftex.def Info: C:/Users/frabb/OneDrive - Cal Poly/Documents (Cloud)/0
 CALPOLY/000Thesis/Chapters/Images/abpffinished.jpg  used on input line 336.
(pdftex.def)             Requested size: 241.76382pt x 188.57062pt.
<C:/Users/frabb/OneDrive - Cal Poly/Documents (Cloud)/0 CALPOLY/000Thesis/Chapt
ers/Images/breadboardstm.jpg, id=276, 706.89093pt x 592.46344pt>
File: C:/Users/frabb/OneDrive - Cal Poly/Documents (Cloud)/0 CALPOLY/000Thesis/
Chapters/Images/breadboardstm.jpg Graphic file (type jpg)
<use C:/Users/frabb/OneDrive - Cal Poly/Documents (Cloud)/0 CALPOLY/000Thesis/C
hapters/Images/breadboardstm.jpg>
Package pdftex.def Info: C:/Users/frabb/OneDrive - Cal Poly/Documents (Cloud)/0
 CALPOLY/000Thesis/Chapters/Images/breadboardstm.jpg  used on input line 345.
(pdftex.def)             Requested size: 229.25935pt x 192.15056pt.
 [13 <C:/Users/frabb/OneDrive - Cal Poly/Documents (Cloud)/0 CALPOLY/000Thesis/
Chapters/Images/abpfeagleREAL.jpg> <C:/Users/frabb/OneDrive - Cal Poly/Document
s (Cloud)/0 CALPOLY/000Thesis/Chapters/Images/abpfeagle.jpg> <C:/Users/frabb/On
eDrive - Cal Poly/Documents (Cloud)/0 CALPOLY/000Thesis/Chapters/Images/abpfboa
rd.jpg>] [14 <C:/Users/frabb/OneDrive - Cal Poly/Documents (Cloud)/0 CALPOLY/00
0Thesis/Chapters/Images/abpfmanu.jpg> <C:/Users/frabb/OneDrive - Cal Poly/Docum
ents (Cloud)/0 CALPOLY/000Thesis/Chapters/Images/abpffinished.jpg> <C:/Users/fr
abb/OneDrive - Cal Poly/Documents (Cloud)/0 CALPOLY/000Thesis/Chapters/Images/b
readboardstm.jpg>]
<C:/Users/frabb/OneDrive - Cal Poly/Documents (Cloud)/0 CALPOLY/000Thesis/Chapt
ers/Images/isblfront.jpg, id=293, 548.0475pt x 549.55313pt>
File: C:/Users/frabb/OneDrive - Cal Poly/Documents (Cloud)/0 CALPOLY/000Thesis/
Chapters/Images/isblfront.jpg Graphic file (type jpg)
<use C:/Users/frabb/OneDrive - Cal Poly/Documents (Cloud)/0 CALPOLY/000Thesis/C
hapters/Images/isblfront.jpg>
Package pdftex.def Info: C:/Users/frabb/OneDrive - Cal Poly/Documents (Cloud)/0
 CALPOLY/000Thesis/Chapters/Images/isblfront.jpg  used on input line 358.
(pdftex.def)             Requested size: 354.31049pt x 355.29341pt.
 [15 <C:/Users/frabb/OneDrive - Cal Poly/Documents (Cloud)/0 CALPOLY/000Thesis/
Chapters/Images/isblfront.jpg>]
<C:/Users/frabb/OneDrive - Cal Poly/Documents (Cloud)/0 CALPOLY/000Thesis/Chapt
ers/Images/matlab.jpg, id=302, 1174.3875pt x 495.35063pt>
File: C:/Users/frabb/OneDrive - Cal Poly/Documents (Cloud)/0 CALPOLY/000Thesis/
Chapters/Images/matlab.jpg Graphic file (type jpg)
<use C:/Users/frabb/OneDrive - Cal Poly/Documents (Cloud)/0 CALPOLY/000Thesis/C
hapters/Images/matlab.jpg>
Package pdftex.def Info: C:/Users/frabb/OneDrive - Cal Poly/Documents (Cloud)/0
 CALPOLY/000Thesis/Chapters/Images/matlab.jpg  used on input line 377.
(pdftex.def)             Requested size: 416.83289pt x 175.8167pt.
 [16]
<C:/Users/frabb/OneDrive - Cal Poly/Documents (Cloud)/0 CALPOLY/000Thesis/Chapt
ers/Images/txnine.jpg, id=310, 683.55376pt x 644.4075pt>
File: C:/Users/frabb/OneDrive - Cal Poly/Documents (Cloud)/0 CALPOLY/000Thesis/
Chapters/Images/txnine.jpg Graphic file (type jpg)
<use C:/Users/frabb/OneDrive - Cal Poly/Documents (Cloud)/0 CALPOLY/000Thesis/C
hapters/Images/txnine.jpg>
Package pdftex.def Info: C:/Users/frabb/OneDrive - Cal Poly/Documents (Cloud)/0
 CALPOLY/000Thesis/Chapters/Images/txnine.jpg  used on input line 386.
(pdftex.def)             Requested size: 270.93883pt x 255.42804pt.
 [17 <C:/Users/frabb/OneDrive - Cal Poly/Documents (Cloud)/0 CALPOLY/000Thesis/
Chapters/Images/matlab.jpg> <C:/Users/frabb/OneDrive - Cal Poly/Documents (Clou
d)/0 CALPOLY/000Thesis/Chapters/Images/txnine.jpg>]
(C:\Users\frabb\AppData\Local\Programs\MiKTeX\tex/latex/listings\lstlang1.sty
File: lstlang1.sty 2023/02/27 1.9 listings language file
)
(C:\Users\frabb\AppData\Local\Programs\MiKTeX\tex/latex/listings\lstlang1.sty
File: lstlang1.sty 2023/02/27 1.9 listings language file
)
(C:\Users\frabb\AppData\Local\Programs\MiKTeX\tex/latex/listings\lstmisc.sty
File: lstmisc.sty 2023/02/27 1.9 (Carsten Heinz)
)
<C:/Users/frabb/OneDrive - Cal Poly/Documents (Cloud)/0 CALPOLY/000Thesis/Chapt
ers/Images/activedamping.jpg, id=320, 804.75656pt x 296.60812pt>
File: C:/Users/frabb/OneDrive - Cal Poly/Documents (Cloud)/0 CALPOLY/000Thesis/
Chapters/Images/activedamping.jpg Graphic file (type jpg)
<use C:/Users/frabb/OneDrive - Cal Poly/Documents (Cloud)/0 CALPOLY/000Thesis/C
hapters/Images/activedamping.jpg>
Package pdftex.def Info: C:/Users/frabb/OneDrive - Cal Poly/Documents (Cloud)/0
 CALPOLY/000Thesis/Chapters/Images/activedamping.jpg  used on input line 422.
(pdftex.def)             Requested size: 416.83289pt x 153.63063pt.

[18] [19 <C:/Users/frabb/OneDrive - Cal Poly/Documents (Cloud)/0 CALPOLY/000The
sis/Chapters/Images/activedamping.jpg>]
<C:/Users/frabb/OneDrive - Cal Poly/Documents (Cloud)/0 CALPOLY/000Thesis/Chapt
ers/Images/modwave.jpg, id=358, 547.2947pt x 408.02437pt>
File: C:/Users/frabb/OneDrive - Cal Poly/Documents (Cloud)/0 CALPOLY/000Thesis/
Chapters/Images/modwave.jpg Graphic file (type jpg)
<use C:/Users/frabb/OneDrive - Cal Poly/Documents (Cloud)/0 CALPOLY/000Thesis/C
hapters/Images/modwave.jpg>
Package pdftex.def Info: C:/Users/frabb/OneDrive - Cal Poly/Documents (Cloud)/0
 CALPOLY/000Thesis/Chapters/Images/modwave.jpg  used on input line 500.
(pdftex.def)             Requested size: 312.62466pt x 233.07439pt.
 [20]
<C:/Users/frabb/OneDrive - Cal Poly/Documents (Cloud)/0 CALPOLY/000Thesis/Chapt
ers/Images/oscope11110001.jpg, id=404, 532.23843pt x 398.23781pt>
File: C:/Users/frabb/OneDrive - Cal Poly/Documents (Cloud)/0 CALPOLY/000Thesis/
Chapters/Images/oscope11110001.jpg Graphic file (type jpg)
<use C:/Users/frabb/OneDrive - Cal Poly/Documents (Cloud)/0 CALPOLY/000Thesis/C
hapters/Images/oscope11110001.jpg>
Package pdftex.def Info: C:/Users/frabb/OneDrive - Cal Poly/Documents (Cloud)/0
 CALPOLY/000Thesis/Chapters/Images/oscope11110001.jpg  used on input line 541.
(pdftex.def)             Requested size: 312.62466pt x 233.91916pt.
 [21 <C:/Users/frabb/OneDrive - Cal Poly/Documents (Cloud)/0 CALPOLY/000Thesis/
Chapters/Images/modwave.jpg>]
<C:/Users/frabb/OneDrive - Cal Poly/Documents (Cloud)/0 CALPOLY/000Thesis/Chapt
ers/Images/isblfsm.jpg, id=435, 1109.64563pt x 697.10437pt>
File: C:/Users/frabb/OneDrive - Cal Poly/Documents (Cloud)/0 CALPOLY/000Thesis/
Chapters/Images/isblfsm.jpg Graphic file (type jpg)
<use C:/Users/frabb/OneDrive - Cal Poly/Documents (Cloud)/0 CALPOLY/000Thesis/C
hapters/Images/isblfsm.jpg>
Package pdftex.def Info: C:/Users/frabb/OneDrive - Cal Poly/Documents (Cloud)/0
 CALPOLY/000Thesis/Chapters/Images/isblfsm.jpg  used on input line 556.
(pdftex.def)             Requested size: 416.83289pt x 261.86024pt.


LaTeX Warning: Reference `sec:4s4' on page 22 undefined on input line 561.


LaTeX Warning: Reference `sec:5s2' on page 22 undefined on input line 561.

[22 <C:/Users/frabb/OneDrive - Cal Poly/Documents (Cloud)/0 CALPOLY/000Thesis/C
hapters/Images/oscope11110001.jpg>]

LaTeX Warning: Reference `chap:5c' on page 23 undefined on input line 569.


LaTeX Warning: Reference `chap:4c' on page 23 undefined on input line 571.

[23 <C:/Users/frabb/OneDrive - Cal Poly/Documents (Cloud)/0 CALPOLY/000Thesis/C
hapters/Images/isblfsm.jpg>]
<C:/Users/frabb/OneDrive - Cal Poly/Documents (Cloud)/0 CALPOLY/000Thesis/Chapt
ers/Images/adctimingsingle.jpg, id=455, 498.36188pt x 154.32657pt>
File: C:/Users/frabb/OneDrive - Cal Poly/Documents (Cloud)/0 CALPOLY/000Thesis/
Chapters/Images/adctimingsingle.jpg Graphic file (type jpg)
<use C:/Users/frabb/OneDrive - Cal Poly/Documents (Cloud)/0 CALPOLY/000Thesis/C
hapters/Images/adctimingsingle.jpg>
Package pdftex.def Info: C:/Users/frabb/OneDrive - Cal Poly/Documents (Cloud)/0
 CALPOLY/000Thesis/Chapters/Images/adctimingsingle.jpg  used on input line 584.

(pdftex.def)             Requested size: 416.83289pt x 129.08238pt.
 [24 <C:/Users/frabb/OneDrive - Cal Poly/Documents (Cloud)/0 CALPOLY/000Thesis/
Chapters/Images/adctimingsingle.jpg>]
<C:/Users/frabb/OneDrive - Cal Poly/Documents (Cloud)/0 CALPOLY/000Thesis/Chapt
ers/Images/adctimingmulti.jpg, id=465, 302.63063pt x 118.94438pt>
File: C:/Users/frabb/OneDrive - Cal Poly/Documents (Cloud)/0 CALPOLY/000Thesis/
Chapters/Images/adctimingmulti.jpg Graphic file (type jpg)
<use C:/Users/frabb/OneDrive - Cal Poly/Documents (Cloud)/0 CALPOLY/000Thesis/C
hapters/Images/adctimingmulti.jpg>
Package pdftex.def Info: C:/Users/frabb/OneDrive - Cal Poly/Documents (Cloud)/0
 CALPOLY/000Thesis/Chapters/Images/adctimingmulti.jpg  used on input line 593.
(pdftex.def)             Requested size: 312.62466pt x 122.87341pt.
 [25 <C:/Users/frabb/OneDrive - Cal Poly/Documents (Cloud)/0 CALPOLY/000Thesis/
Chapters/Images/adctimingmulti.jpg>] [26]

LaTeX Warning: Reference `chap:6c' on page 27 undefined on input line 666.


LaTeX Warning: Reference `chap:6c' on page 27 undefined on input line 688.

[27] [28]
<C:/Users/frabb/OneDrive - Cal Poly/Documents (Cloud)/0 CALPOLY/000Thesis/Chapt
ers/Images/oscope4.jpg, id=598, 634.62094pt x 466.74374pt>
File: C:/Users/frabb/OneDrive - Cal Poly/Documents (Cloud)/0 CALPOLY/000Thesis/
Chapters/Images/oscope4.jpg Graphic file (type jpg)
<use C:/Users/frabb/OneDrive - Cal Poly/Documents (Cloud)/0 CALPOLY/000Thesis/C
hapters/Images/oscope4.jpg>
Package pdftex.def Info: C:/Users/frabb/OneDrive - Cal Poly/Documents (Cloud)/0
 CALPOLY/000Thesis/Chapters/Images/oscope4.jpg  used on input line 765.
(pdftex.def)             Requested size: 312.62466pt x 229.9314pt.
<C:/Users/frabb/OneDrive - Cal Poly/Documents (Cloud)/0 CALPOLY/000Thesis/Chapt
ers/Images/adc4.jpg, id=599, 371.88937pt x 468.24937pt>
File: C:/Users/frabb/OneDrive - Cal Poly/Documents (Cloud)/0 CALPOLY/000Thesis/
Chapters/Images/adc4.jpg Graphic file (type jpg)
<use C:/Users/frabb/OneDrive - Cal Poly/Documents (Cloud)/0 CALPOLY/000Thesis/C
hapters/Images/adc4.jpg>
Package pdftex.def Info: C:/Users/frabb/OneDrive - Cal Poly/Documents (Cloud)/0
 CALPOLY/000Thesis/Chapters/Images/adc4.jpg  used on input line 772.
(pdftex.def)             Requested size: 312.62466pt x 393.64116pt.
 [29] [30 <C:/Users/frabb/OneDrive - Cal Poly/Documents (Cloud)/0 CALPOLY/000Th
esis/Chapters/Images/oscope4.jpg> <C:/Users/frabb/OneDrive - Cal Poly/Documents
 (Cloud)/0 CALPOLY/000Thesis/Chapters/Images/adc4.jpg>]
<C:/Users/frabb/OneDrive - Cal Poly/Documents (Cloud)/0 CALPOLY/000Thesis/Chapt
ers/Images/convxn.jpg, id=645, 619.56468pt x 197.23688pt>
File: C:/Users/frabb/OneDrive - Cal Poly/Documents (Cloud)/0 CALPOLY/000Thesis/
Chapters/Images/convxn.jpg Graphic file (type jpg)
<use C:/Users/frabb/OneDrive - Cal Poly/Documents (Cloud)/0 CALPOLY/000Thesis/C
hapters/Images/convxn.jpg>
Package pdftex.def Info: C:/Users/frabb/OneDrive - Cal Poly/Documents (Cloud)/0
 CALPOLY/000Thesis/Chapters/Images/convxn.jpg  used on input line 793.
(pdftex.def)             Requested size: 354.31049pt x 112.79333pt.
<C:/Users/frabb/OneDrive - Cal Poly/Documents (Cloud)/0 CALPOLY/000Thesis/Chapt
ers/Images/convexp.jpg, id=648, 650.43pt x 469.00218pt>
File: C:/Users/frabb/OneDrive - Cal Poly/Documents (Cloud)/0 CALPOLY/000Thesis/
Chapters/Images/convexp.jpg Graphic file (type jpg)
<use C:/Users/frabb/OneDrive - Cal Poly/Documents (Cloud)/0 CALPOLY/000Thesis/C
hapters/Images/convexp.jpg>
Package pdftex.def Info: C:/Users/frabb/OneDrive - Cal Poly/Documents (Cloud)/0
 CALPOLY/000Thesis/Chapters/Images/convexp.jpg  used on input line 800.
(pdftex.def)             Requested size: 395.98996pt x 285.53987pt.
<C:/Users/frabb/OneDrive - Cal Poly/Documents (Cloud)/0 CALPOLY/000Thesis/Chapt
ers/Images/convandcross.jpg, id=651, 636.12656pt x 707.64375pt>
File: C:/Users/frabb/OneDrive - Cal Poly/Documents (Cloud)/0 CALPOLY/000Thesis/
Chapters/Images/convandcross.jpg Graphic file (type jpg)
<use C:/Users/frabb/OneDrive - Cal Poly/Documents (Cloud)/0 CALPOLY/000Thesis/C
hapters/Images/convandcross.jpg>
Package pdftex.def Info: C:/Users/frabb/OneDrive - Cal Poly/Documents (Cloud)/0
 CALPOLY/000Thesis/Chapters/Images/convandcross.jpg  used on input line 807.
(pdftex.def)             Requested size: 270.93883pt x 301.39787pt.
 [31 <C:/Users/frabb/OneDrive - Cal Poly/Documents (Cloud)/0 CALPOLY/000Thesis/
Chapters/Images/convxn.jpg> <C:/Users/frabb/OneDrive - Cal Poly/Documents (Clou
d)/0 CALPOLY/000Thesis/Chapters/Images/convexp.jpg>]
<C:/Users/frabb/OneDrive - Cal Poly/Documents (Cloud)/0 CALPOLY/000Thesis/Chapt
ers/Images/crosscorrex.jpg, id=666, 706.89093pt x 607.51968pt>
File: C:/Users/frabb/OneDrive - Cal Poly/Documents (Cloud)/0 CALPOLY/000Thesis/
Chapters/Images/crosscorrex.jpg Graphic file (type jpg)
<use C:/Users/frabb/OneDrive - Cal Poly/Documents (Cloud)/0 CALPOLY/000Thesis/C
hapters/Images/crosscorrex.jpg>
Package pdftex.def Info: C:/Users/frabb/OneDrive - Cal Poly/Documents (Cloud)/0
 CALPOLY/000Thesis/Chapters/Images/crosscorrex.jpg  used on input line 816.
(pdftex.def)             Requested size: 375.14705pt x 322.41031pt.
 [32 <C:/Users/frabb/OneDrive - Cal Poly/Documents (Cloud)/0 CALPOLY/000Thesis/
Chapters/Images/convandcross.jpg>]
<C:/Users/frabb/OneDrive - Cal Poly/Documents (Cloud)/0 CALPOLY/000Thesis/Chapt
ers/Images/fftconvtheory.jpg, id=677, 566.86781pt x 643.6547pt>
File: C:/Users/frabb/OneDrive - Cal Poly/Documents (Cloud)/0 CALPOLY/000Thesis/
Chapters/Images/fftconvtheory.jpg Graphic file (type jpg)
<use C:/Users/frabb/OneDrive - Cal Poly/Documents (Cloud)/0 CALPOLY/000Thesis/C
hapters/Images/fftconvtheory.jpg>
Package pdftex.def Info: C:/Users/frabb/OneDrive - Cal Poly/Documents (Cloud)/0
 CALPOLY/000Thesis/Chapters/Images/fftconvtheory.jpg  used on input line 829.
(pdftex.def)             Requested size: 375.14705pt x 425.97234pt.

[33 <C:/Users/frabb/OneDrive - Cal Poly/Documents (Cloud)/0 CALPOLY/000Thesis/C
hapters/Images/crosscorrex.jpg>] [34 <C:/Users/frabb/OneDrive - Cal Poly/Docume
nts (Cloud)/0 CALPOLY/000Thesis/Chapters/Images/fftconvtheory.jpg>] [35]
[36]
<C:/Users/frabb/OneDrive - Cal Poly/Documents (Cloud)/0 CALPOLY/000Thesis/Chapt
ers/Images/matlabcc.jpg, id=762, 633.11531pt x 558.58687pt>
File: C:/Users/frabb/OneDrive - Cal Poly/Documents (Cloud)/0 CALPOLY/000Thesis/
Chapters/Images/matlabcc.jpg Graphic file (type jpg)
<use C:/Users/frabb/OneDrive - Cal Poly/Documents (Cloud)/0 CALPOLY/000Thesis/C
hapters/Images/matlabcc.jpg>
Package pdftex.def Info: C:/Users/frabb/OneDrive - Cal Poly/Documents (Cloud)/0
 CALPOLY/000Thesis/Chapters/Images/matlabcc.jpg  used on input line 956.
(pdftex.def)             Requested size: 375.14705pt x 330.99532pt.
 [37] [38 <C:/Users/frabb/OneDrive - Cal Poly/Documents (Cloud)/0 CALPOLY/000Th
esis/Chapters/Images/matlabcc.jpg>]

LaTeX Warning: Reference `sec:4s4' on page 39 undefined on input line 979.


LaTeX Warning: Reference `sec:4s4' on page 39 undefined on input line 979.


LaTeX Warning: Reference `sec:6s1' on page 39 undefined on input line 989.

[39] [40]
<C:/Users/frabb/OneDrive - Cal Poly/Documents (Cloud)/0 CALPOLY/000Thesis/Chapt
ers/Images/anglecorr.jpg, id=859, 685.8122pt x 307.1475pt>
File: C:/Users/frabb/OneDrive - Cal Poly/Documents (Cloud)/0 CALPOLY/000Thesis/
Chapters/Images/anglecorr.jpg Graphic file (type jpg)
<use C:/Users/frabb/OneDrive - Cal Poly/Documents (Cloud)/0 CALPOLY/000Thesis/C
hapters/Images/anglecorr.jpg>
Package pdftex.def Info: C:/Users/frabb/OneDrive - Cal Poly/Documents (Cloud)/0
 CALPOLY/000Thesis/Chapters/Images/anglecorr.jpg  used on input line 1050.
(pdftex.def)             Requested size: 416.83289pt x 186.6895pt.
 [41 <C:/Users/frabb/OneDrive - Cal Poly/Documents (Cloud)/0 CALPOLY/000Thesis/
Chapters/Images/anglecorr.jpg>] [42] [43]
Package hyperref Info: bookmark level for unknown algorithm defaults to 0 on in
put line 1164.
<C:/Users/frabb/OneDrive - Cal Poly/Documents (Cloud)/0 CALPOLY/000Thesis/Chapt
ers/Images/3dhjsmat.jpg, id=969, 369.63094pt x 651.18282pt>
File: C:/Users/frabb/OneDrive - Cal Poly/Documents (Cloud)/0 CALPOLY/000Thesis/
Chapters/Images/3dhjsmat.jpg Graphic file (type jpg)
<use C:/Users/frabb/OneDrive - Cal Poly/Documents (Cloud)/0 CALPOLY/000Thesis/C
hapters/Images/3dhjsmat.jpg>
Package pdftex.def Info: C:/Users/frabb/OneDrive - Cal Poly/Documents (Cloud)/0
 CALPOLY/000Thesis/Chapters/Images/3dhjsmat.jpg  used on input line 1222.
(pdftex.def)             Requested size: 354.31049pt x 624.1944pt.
 [44] [45] [46 <C:/Users/frabb/OneDrive - Cal Poly/Documents (Cloud)/0 CALPOLY/
000Thesis/Chapters/Images/3dhjsmat.jpg>]

LaTeX Warning: Reference `sec:6s1' on page 47 undefined on input line 1231.


LaTeX Warning: Reference `ssec:2s5s3' on page 47 undefined on input line 1231.

[47] [48] [49] [50] [51]

LaTeX Warning: Reference `chap:5c' on page 52 undefined on input line 1451.

(3 Acoustic Positioning System.bbl [52] [53

]
Overfull \hbox (200.77048pt too wide) in paragraph at lines 123--128
\OT1/cmr/m/n/12 rm0468-[]stm32h723733-[]stm32h725735-[]and-[]stm32h730-[]value-
[]line-[]advanced-[]armbased-[]32bit-[]mcus-[]stmicroelectronics .
 []

[54]) [55] (3 Acoustic Positioning System.aux)
 ***********
LaTeX2e <2023-11-01> patch level 1
L3 programming layer <2024-01-04>
 ***********


LaTeX Warning: There were undefined references.

Package rerunfilecheck Info: File `"3 Acoustic Positioning System".out' has not
 changed.
(rerunfilecheck)             Checksum: 38CD545D582024E8A559038747C23EB4;4891.
 ) 
Here is how much of TeX's memory you used:
 19932 strings out of 474485
 353178 string characters out of 5743734
 2287542 words of memory out of 5000000
 41206 multiletter control sequences out of 15000+600000
 566857 words of font info for 68 fonts, out of 8000000 for 9000
 1141 hyphenation exceptions out of 8191
 75i,8n,79p,1142b,2029s stack positions out of 10000i,1000n,20000p,200000b,200000s
 <C:\Users\frabb\AppData\Local\MiKTeX\fonts/pk/ljfour/jknappen/ec/dpi600\tcti
1200.pk> <C:\Users\frabb\AppData\Local\MiKTeX\fonts/pk/ljfour/jknappen/ec/dpi60
0\tcrm1200.pk><C:/Users/frabb/AppData/Local/Programs/MiKTeX/fonts/type1/public/
amsfonts/cm/cmbx12.pfb><C:/Users/frabb/AppData/Local/Programs/MiKTeX/fonts/type
1/public/amsfonts/cm/cmbx8.pfb><C:/Users/frabb/AppData/Local/Programs/MiKTeX/fo
nts/type1/public/amsfonts/cm/cmmi12.pfb><C:/Users/frabb/AppData/Local/Programs/
MiKTeX/fonts/type1/public/amsfonts/cm/cmmi8.pfb><C:/Users/frabb/AppData/Local/P
rograms/MiKTeX/fonts/type1/public/amsfonts/cm/cmr10.pfb><C:/Users/frabb/AppData
/Local/Programs/MiKTeX/fonts/type1/public/amsfonts/cm/cmr12.pfb><C:/Users/frabb
/AppData/Local/Programs/MiKTeX/fonts/type1/public/amsfonts/cm/cmr6.pfb><C:/User
s/frabb/AppData/Local/Programs/MiKTeX/fonts/type1/public/amsfonts/cm/cmr8.pfb><
C:/Users/frabb/AppData/Local/Programs/MiKTeX/fonts/type1/public/amsfonts/cm/cms
y10.pfb><C:/Users/frabb/AppData/Local/Programs/MiKTeX/fonts/type1/public/amsfon
ts/cm/cmsy8.pfb><C:/Users/frabb/AppData/Local/Programs/MiKTeX/fonts/type1/publi
c/amsfonts/cm/cmti12.pfb><C:/Users/frabb/AppData/Local/Programs/MiKTeX/fonts/ty
pe1/public/amsfonts/cm/cmtt10.pfb><C:/Users/frabb/AppData/Local/Programs/MiKTeX
/fonts/type1/public/amsfonts/cm/cmtt12.pfb>
Output written on "3 Acoustic Positioning System.pdf" (55 pages, 4163698 bytes)
.
PDF statistics:
 1530 PDF objects out of 1728 (max. 8388607)
 799 named destinations out of 1000 (max. 500000)
 403 words of extra memory for PDF output out of 10000 (max. 10000000)

